<?xml version="1.0" encoding="UTF-8"?>
<testng-results ignored="17" total="123" passed="101" failed="0" skipped="5">
  <reporter-output>
  </reporter-output>
  <suite started-at="2023-10-10T10:46:57Z" name="BankGuru" finished-at="2023-10-10T10:52:52Z" duration-ms="355110">
    <groups>
      <group name="regressionTest">
        <method signature="Account_01_New_Account.TC_01_New_Account_With_CustomerId_Is_Special_Character()[pri:0, instance:testcases.com.bankguru.account.Account_01_New_Account@f25f48a]" name="TC_01_New_Account_With_CustomerId_Is_Special_Character" class="testcases.com.bankguru.account.Account_01_New_Account"/>
        <method signature="Account_01_New_Account.TC_03_New_Account_With_CustomerId_Have_Character()[pri:0, instance:testcases.com.bankguru.account.Account_01_New_Account@f25f48a]" name="TC_03_New_Account_With_CustomerId_Have_Character" class="testcases.com.bankguru.account.Account_01_New_Account"/>
        <method signature="Account_01_New_Account.TC_01_New_Account_With_CustomerId_Is_Special_Character()[pri:0, instance:testcases.com.bankguru.account.Account_01_New_Account@6975fb1c]" name="TC_01_New_Account_With_CustomerId_Is_Special_Character" class="testcases.com.bankguru.account.Account_01_New_Account"/>
        <method signature="Account_01_New_Account.TC_03_New_Account_With_CustomerId_Have_Character()[pri:0, instance:testcases.com.bankguru.account.Account_01_New_Account@6975fb1c]" name="TC_03_New_Account_With_CustomerId_Have_Character" class="testcases.com.bankguru.account.Account_01_New_Account"/>
      </group> <!-- regressionTest -->
      <group name="smoke">
        <method signature="Account_01_New_Account.TC_02_New_Account_With_CustomerId_Have_Special_Character()[pri:0, instance:testcases.com.bankguru.account.Account_01_New_Account@f25f48a]" name="TC_02_New_Account_With_CustomerId_Have_Special_Character" class="testcases.com.bankguru.account.Account_01_New_Account"/>
        <method signature="Account_01_New_Account.TC_04_New_Account_With_Initial_Deposit_Have_Character()[pri:0, instance:testcases.com.bankguru.account.Account_01_New_Account@f25f48a]" name="TC_04_New_Account_With_Initial_Deposit_Have_Character" class="testcases.com.bankguru.account.Account_01_New_Account"/>
        <method signature="Account_02_Edit_Account.TC_01_Edit_Account_With_Account_Number_Is_Empty()[pri:0, instance:testcases.com.bankguru.account.Account_02_Edit_Account@3b7c80c6]" name="TC_01_Edit_Account_With_Account_Number_Is_Empty" class="testcases.com.bankguru.account.Account_02_Edit_Account"/>
        <method signature="Account_01_New_Account.TC_02_New_Account_With_CustomerId_Have_Special_Character()[pri:0, instance:testcases.com.bankguru.account.Account_01_New_Account@6975fb1c]" name="TC_02_New_Account_With_CustomerId_Have_Special_Character" class="testcases.com.bankguru.account.Account_01_New_Account"/>
        <method signature="Account_01_New_Account.TC_04_New_Account_With_Initial_Deposit_Have_Character()[pri:0, instance:testcases.com.bankguru.account.Account_01_New_Account@6975fb1c]" name="TC_04_New_Account_With_Initial_Deposit_Have_Character" class="testcases.com.bankguru.account.Account_01_New_Account"/>
        <method signature="Account_02_Edit_Account.TC_01_Edit_Account_With_Account_Number_Is_Empty()[pri:0, instance:testcases.com.bankguru.account.Account_02_Edit_Account@553da911]" name="TC_01_Edit_Account_With_Account_Number_Is_Empty" class="testcases.com.bankguru.account.Account_02_Edit_Account"/>
      </group> <!-- smoke -->
    </groups>
    <test started-at="2023-10-10T10:46:57Z" name="Run on firefox " finished-at="2023-10-10T10:51:55Z" duration-ms="298450">
      <class name="testcases.com.bankguru.common.Register">
        <test-method is-config="true" signature="beforeTest(java.lang.String, java.lang.String, java.lang.String, java.lang.String, java.lang.String, java.lang.String, java.lang.String)[pri:0, instance:testcases.com.bankguru.common.Register@1d98daa0]" started-at="2023-10-10T10:46:57Z" name="beforeTest" finished-at="2023-10-10T10:47:28Z" duration-ms="30897" status="PASS">
          <params>
            <param index="0">
              <value>
                <![CDATA[local]]>
              </value>
            </param>
            <param index="1">
              <value>
                <![CDATA[dev]]>
              </value>
            </param>
            <param index="2">
              <value>
                <![CDATA[firefox]]>
              </value>
            </param>
            <param index="3">
              <value>
                <![CDATA[Windows]]>
              </value>
            </param>
            <param index="4">
              <value>
                <![CDATA[10]]>
              </value>
            </param>
            <param index="5">
              <value>
                <![CDATA[localhost]]>
              </value>
            </param>
            <param index="6">
              <value>
                <![CDATA[4444]]>
              </value>
            </param>
          </params>
          <reporter-output>
          </reporter-output>
        </test-method> <!-- beforeTest -->
      </class> <!-- testcases.com.bankguru.common.Register -->
      <class name="testcases.com.bankguru.Change_Password">
        <test-method is-config="true" signature="beforeClass(java.lang.String, java.lang.String, java.lang.String, java.lang.String, java.lang.String, java.lang.String, java.lang.String)[pri:0, instance:testcases.com.bankguru.Change_Password@b9d018b]" started-at="2023-10-10T10:51:24Z" name="beforeClass" finished-at="2023-10-10T10:51:50Z" duration-ms="25990" status="PASS">
          <params>
            <param index="0">
              <value>
                <![CDATA[local]]>
              </value>
            </param>
            <param index="1">
              <value>
                <![CDATA[dev]]>
              </value>
            </param>
            <param index="2">
              <value>
                <![CDATA[firefox]]>
              </value>
            </param>
            <param index="3">
              <value>
                <![CDATA[Windows]]>
              </value>
            </param>
            <param index="4">
              <value>
                <![CDATA[10]]>
              </value>
            </param>
            <param index="5">
              <value>
                <![CDATA[localhost]]>
              </value>
            </param>
            <param index="6">
              <value>
                <![CDATA[4444]]>
              </value>
            </param>
          </params>
          <reporter-output>
          </reporter-output>
        </test-method> <!-- beforeClass -->
        <test-method signature="TC_01_Change_Password_With_Old_Password_Is_Empty()[pri:0, instance:testcases.com.bankguru.Change_Password@b9d018b]" started-at="2023-10-10T10:51:50Z" name="TC_01_Change_Password_With_Old_Password_Is_Empty" finished-at="2023-10-10T10:51:50Z" duration-ms="720" status="PASS">
          <reporter-output>
          </reporter-output>
        </test-method> <!-- TC_01_Change_Password_With_Old_Password_Is_Empty -->
        <test-method signature="TC_02_Change_Password_With_New_Password_Is_Empty()[pri:0, instance:testcases.com.bankguru.Change_Password@b9d018b]" started-at="2023-10-10T10:51:50Z" name="TC_02_Change_Password_With_New_Password_Is_Empty" finished-at="2023-10-10T10:51:51Z" duration-ms="765" status="PASS">
          <reporter-output>
          </reporter-output>
        </test-method> <!-- TC_02_Change_Password_With_New_Password_Is_Empty -->
        <test-method signature="TC_03_Change_Password_With_New_Password_Have_Not_Number()[pri:0, instance:testcases.com.bankguru.Change_Password@b9d018b]" started-at="2023-10-10T10:51:51Z" name="TC_03_Change_Password_With_New_Password_Have_Not_Number" finished-at="2023-10-10T10:51:52Z" duration-ms="764" status="PASS">
          <reporter-output>
          </reporter-output>
        </test-method> <!-- TC_03_Change_Password_With_New_Password_Have_Not_Number -->
        <test-method signature="TC_04_Change_Password_With_New_Password_Have_Not_Special_Character()[pri:0, instance:testcases.com.bankguru.Change_Password@b9d018b]" started-at="2023-10-10T10:51:52Z" name="TC_04_Change_Password_With_New_Password_Have_Not_Special_Character" finished-at="2023-10-10T10:51:53Z" duration-ms="897" status="PASS">
          <reporter-output>
          </reporter-output>
        </test-method> <!-- TC_04_Change_Password_With_New_Password_Have_Not_Special_Character -->
        <test-method signature="TC_05_Change_Password_With_New_Password_Have_Password_Terms()[pri:0, instance:testcases.com.bankguru.Change_Password@b9d018b]" started-at="2023-10-10T10:51:53Z" name="TC_05_Change_Password_With_New_Password_Have_Password_Terms" finished-at="2023-10-10T10:51:54Z" duration-ms="852" status="PASS">
          <reporter-output>
          </reporter-output>
        </test-method> <!-- TC_05_Change_Password_With_New_Password_Have_Password_Terms -->
        <test-method signature="TC_06_Change_Password_With_Confirm_Password_Not_Match_Password()[pri:0, instance:testcases.com.bankguru.Change_Password@b9d018b]" started-at="2023-10-10T10:51:54Z" name="TC_06_Change_Password_With_Confirm_Password_Not_Match_Password" finished-at="2023-10-10T10:51:54Z" duration-ms="595" status="PASS">
          <reporter-output>
          </reporter-output>
        </test-method> <!-- TC_06_Change_Password_With_Confirm_Password_Not_Match_Password -->
        <test-method is-config="true" signature="afterClass()[pri:0, instance:testcases.com.bankguru.Change_Password@b9d018b]" started-at="2023-10-10T10:51:54Z" name="afterClass" finished-at="2023-10-10T10:51:55Z" duration-ms="1338" status="PASS">
          <reporter-output>
          </reporter-output>
        </test-method> <!-- afterClass -->
      </class> <!-- testcases.com.bankguru.Change_Password -->
      <class name="testcases.com.bankguru.account.Account_02_Edit_Account">
        <test-method is-config="true" signature="beforeClass(java.lang.String, java.lang.String, java.lang.String, java.lang.String, java.lang.String, java.lang.String, java.lang.String)[pri:0, instance:testcases.com.bankguru.account.Account_02_Edit_Account@3b7c80c6]" started-at="2023-10-10T10:49:20Z" name="beforeClass" finished-at="2023-10-10T10:49:49Z" duration-ms="28276" status="PASS">
          <params>
            <param index="0">
              <value>
                <![CDATA[local]]>
              </value>
            </param>
            <param index="1">
              <value>
                <![CDATA[dev]]>
              </value>
            </param>
            <param index="2">
              <value>
                <![CDATA[firefox]]>
              </value>
            </param>
            <param index="3">
              <value>
                <![CDATA[Windows]]>
              </value>
            </param>
            <param index="4">
              <value>
                <![CDATA[10]]>
              </value>
            </param>
            <param index="5">
              <value>
                <![CDATA[localhost]]>
              </value>
            </param>
            <param index="6">
              <value>
                <![CDATA[4444]]>
              </value>
            </param>
          </params>
          <reporter-output>
          </reporter-output>
        </test-method> <!-- beforeClass -->
        <test-method signature="TC_01_Edit_Account_With_Account_Number_Is_Empty()[pri:0, instance:testcases.com.bankguru.account.Account_02_Edit_Account@3b7c80c6]" started-at="2023-10-10T10:49:49Z" name="TC_01_Edit_Account_With_Account_Number_Is_Empty" finished-at="2023-10-10T10:49:50Z" duration-ms="969" status="PASS">
          <reporter-output>
          </reporter-output>
        </test-method> <!-- TC_01_Edit_Account_With_Account_Number_Is_Empty -->
        <test-method signature="TC_02_Edit_Account_With_Account_Number_Have_Character()[pri:0, instance:testcases.com.bankguru.account.Account_02_Edit_Account@3b7c80c6]" started-at="2023-10-10T10:49:50Z" name="TC_02_Edit_Account_With_Account_Number_Have_Character" finished-at="2023-10-10T10:49:51Z" duration-ms="1089" status="PASS">
          <reporter-output>
          </reporter-output>
        </test-method> <!-- TC_02_Edit_Account_With_Account_Number_Have_Character -->
        <test-method signature="TC_03_Edit_Account_With_Account_Number_Have_Special_Character()[pri:0, instance:testcases.com.bankguru.account.Account_02_Edit_Account@3b7c80c6]" started-at="2023-10-10T10:49:51Z" name="TC_03_Edit_Account_With_Account_Number_Have_Special_Character" finished-at="2023-10-10T10:49:52Z" duration-ms="1186" status="PASS">
          <reporter-output>
          </reporter-output>
        </test-method> <!-- TC_03_Edit_Account_With_Account_Number_Have_Special_Character -->
        <test-method signature="TC_03_Edit_Account_With_Account_Number_Have_Special_Space()[pri:0, instance:testcases.com.bankguru.account.Account_02_Edit_Account@3b7c80c6]" started-at="2023-10-10T10:49:52Z" name="TC_03_Edit_Account_With_Account_Number_Have_Special_Space" finished-at="2023-10-10T10:49:53Z" duration-ms="989" status="PASS">
          <reporter-output>
          </reporter-output>
        </test-method> <!-- TC_03_Edit_Account_With_Account_Number_Have_Special_Space -->
        <test-method is-config="true" signature="afterClass()[pri:0, instance:testcases.com.bankguru.account.Account_02_Edit_Account@3b7c80c6]" started-at="2023-10-10T10:49:53Z" name="afterClass" finished-at="2023-10-10T10:49:55Z" duration-ms="2011" status="PASS">
          <reporter-output>
          </reporter-output>
        </test-method> <!-- afterClass -->
      </class> <!-- testcases.com.bankguru.account.Account_02_Edit_Account -->
      <class name="testcases.com.bankguru.account.Account_03_Delete_Account">
        <test-method is-config="true" signature="beforeClass(java.lang.String, java.lang.String, java.lang.String, java.lang.String, java.lang.String, java.lang.String, java.lang.String)[pri:0, instance:testcases.com.bankguru.account.Account_03_Delete_Account@3b2e5c0d]" started-at="2023-10-10T10:49:55Z" name="beforeClass" finished-at="2023-10-10T10:50:14Z" duration-ms="19206" status="PASS">
          <params>
            <param index="0">
              <value>
                <![CDATA[local]]>
              </value>
            </param>
            <param index="1">
              <value>
                <![CDATA[dev]]>
              </value>
            </param>
            <param index="2">
              <value>
                <![CDATA[firefox]]>
              </value>
            </param>
            <param index="3">
              <value>
                <![CDATA[Windows]]>
              </value>
            </param>
            <param index="4">
              <value>
                <![CDATA[10]]>
              </value>
            </param>
            <param index="5">
              <value>
                <![CDATA[localhost]]>
              </value>
            </param>
            <param index="6">
              <value>
                <![CDATA[4444]]>
              </value>
            </param>
          </params>
          <reporter-output>
          </reporter-output>
        </test-method> <!-- beforeClass -->
        <test-method signature="TC_01_Delete_Account_With_Account_Number_Is_Empty()[pri:0, instance:testcases.com.bankguru.account.Account_03_Delete_Account@3b2e5c0d]" started-at="2023-10-10T10:50:14Z" name="TC_01_Delete_Account_With_Account_Number_Is_Empty" finished-at="2023-10-10T10:50:15Z" duration-ms="974" status="PASS">
          <reporter-output>
          </reporter-output>
        </test-method> <!-- TC_01_Delete_Account_With_Account_Number_Is_Empty -->
        <test-method signature="TC_02_Delete_Account_With_Account_Number_Have_Character()[pri:0, instance:testcases.com.bankguru.account.Account_03_Delete_Account@3b2e5c0d]" started-at="2023-10-10T10:50:15Z" name="TC_02_Delete_Account_With_Account_Number_Have_Character" finished-at="2023-10-10T10:50:16Z" duration-ms="910" status="PASS">
          <reporter-output>
          </reporter-output>
        </test-method> <!-- TC_02_Delete_Account_With_Account_Number_Have_Character -->
        <test-method signature="TC_03_Delete_Account_With_Account_Number_Have_Special_Character()[pri:0, instance:testcases.com.bankguru.account.Account_03_Delete_Account@3b2e5c0d]" started-at="2023-10-10T10:50:16Z" name="TC_03_Delete_Account_With_Account_Number_Have_Special_Character" finished-at="2023-10-10T10:50:17Z" duration-ms="929" status="PASS">
          <reporter-output>
          </reporter-output>
        </test-method> <!-- TC_03_Delete_Account_With_Account_Number_Have_Special_Character -->
        <test-method signature="TC_03_Delete_Account_With_Account_Number_Have_Special_Space()[pri:0, instance:testcases.com.bankguru.account.Account_03_Delete_Account@3b2e5c0d]" started-at="2023-10-10T10:50:17Z" name="TC_03_Delete_Account_With_Account_Number_Have_Special_Space" finished-at="2023-10-10T10:50:18Z" duration-ms="926" status="PASS">
          <reporter-output>
          </reporter-output>
        </test-method> <!-- TC_03_Delete_Account_With_Account_Number_Have_Special_Space -->
        <test-method is-config="true" signature="afterClass()[pri:0, instance:testcases.com.bankguru.account.Account_03_Delete_Account@3b2e5c0d]" started-at="2023-10-10T10:50:18Z" name="afterClass" finished-at="2023-10-10T10:50:19Z" duration-ms="1162" status="PASS">
          <reporter-output>
          </reporter-output>
        </test-method> <!-- afterClass -->
      </class> <!-- testcases.com.bankguru.account.Account_03_Delete_Account -->
      <class name="testcases.com.bankguru.customer.Customer_01_New_Customer">
        <test-method is-config="true" signature="beforeClass(java.lang.String, java.lang.String, java.lang.String, java.lang.String, java.lang.String, java.lang.String, java.lang.String)[pri:0, instance:testcases.com.bankguru.customer.Customer_01_New_Customer@70a898b0]" started-at="2023-10-10T10:47:28Z" name="beforeClass" finished-at="2023-10-10T10:47:45Z" duration-ms="17230" status="PASS">
          <params>
            <param index="0">
              <value>
                <![CDATA[local]]>
              </value>
            </param>
            <param index="1">
              <value>
                <![CDATA[dev]]>
              </value>
            </param>
            <param index="2">
              <value>
                <![CDATA[firefox]]>
              </value>
            </param>
            <param index="3">
              <value>
                <![CDATA[Windows]]>
              </value>
            </param>
            <param index="4">
              <value>
                <![CDATA[10]]>
              </value>
            </param>
            <param index="5">
              <value>
                <![CDATA[localhost]]>
              </value>
            </param>
            <param index="6">
              <value>
                <![CDATA[4444]]>
              </value>
            </param>
          </params>
          <reporter-output>
          </reporter-output>
        </test-method> <!-- beforeClass -->
        <test-method signature="TC_01_New_Customer_With_Name_Empty()[pri:0, instance:testcases.com.bankguru.customer.Customer_01_New_Customer@70a898b0]" started-at="2023-10-10T10:47:45Z" name="TC_01_New_Customer_With_Name_Empty" finished-at="2023-10-10T10:47:46Z" duration-ms="802" status="PASS">
          <reporter-output>
          </reporter-output>
        </test-method> <!-- TC_01_New_Customer_With_Name_Empty -->
        <test-method signature="TC_02_New_Customer_With_Name_Number()[pri:0, instance:testcases.com.bankguru.customer.Customer_01_New_Customer@70a898b0]" started-at="2023-10-10T10:47:46Z" name="TC_02_New_Customer_With_Name_Number" finished-at="2023-10-10T10:47:47Z" duration-ms="761" status="PASS">
          <reporter-output>
          </reporter-output>
        </test-method> <!-- TC_02_New_Customer_With_Name_Number -->
        <test-method signature="TC_03_New_Customer_With_Name_Have_Special_Character()[pri:0, instance:testcases.com.bankguru.customer.Customer_01_New_Customer@70a898b0]" started-at="2023-10-10T10:47:47Z" name="TC_03_New_Customer_With_Name_Have_Special_Character" finished-at="2023-10-10T10:47:47Z" duration-ms="732" status="PASS">
          <reporter-output>
          </reporter-output>
        </test-method> <!-- TC_03_New_Customer_With_Name_Have_Special_Character -->
        <test-method signature="TC_04_New_Customer_With_Name_Start_As_Blank_Character()[pri:0, instance:testcases.com.bankguru.customer.Customer_01_New_Customer@70a898b0]" started-at="2023-10-10T10:47:47Z" name="TC_04_New_Customer_With_Name_Start_As_Blank_Character" finished-at="2023-10-10T10:47:48Z" duration-ms="754" status="PASS">
          <reporter-output>
          </reporter-output>
        </test-method> <!-- TC_04_New_Customer_With_Name_Start_As_Blank_Character -->
        <test-method signature="TC_05_New_Customer_With_Address_Empty()[pri:0, instance:testcases.com.bankguru.customer.Customer_01_New_Customer@70a898b0]" started-at="2023-10-10T10:47:48Z" name="TC_05_New_Customer_With_Address_Empty" finished-at="2023-10-10T10:47:49Z" duration-ms="874" status="PASS">
          <reporter-output>
          </reporter-output>
        </test-method> <!-- TC_05_New_Customer_With_Address_Empty -->
        <test-method is-config="true" signature="afterClass()[pri:0, instance:testcases.com.bankguru.customer.Customer_01_New_Customer@70a898b0]" started-at="2023-10-10T10:47:49Z" name="afterClass" finished-at="2023-10-10T10:47:50Z" duration-ms="1276" status="PASS">
          <reporter-output>
          </reporter-output>
        </test-method> <!-- afterClass -->
      </class> <!-- testcases.com.bankguru.customer.Customer_01_New_Customer -->
      <class name="testcases.com.bankguru.statement.Mini_Statement">
        <test-method is-config="true" signature="beforeClass(java.lang.String, java.lang.String, java.lang.String, java.lang.String, java.lang.String, java.lang.String, java.lang.String)[pri:0, instance:testcases.com.bankguru.statement.Mini_Statement@5438c17a]" started-at="2023-10-10T10:50:55Z" name="beforeClass" finished-at="2023-10-10T10:51:19Z" duration-ms="23543" status="PASS">
          <params>
            <param index="0">
              <value>
                <![CDATA[local]]>
              </value>
            </param>
            <param index="1">
              <value>
                <![CDATA[dev]]>
              </value>
            </param>
            <param index="2">
              <value>
                <![CDATA[firefox]]>
              </value>
            </param>
            <param index="3">
              <value>
                <![CDATA[Windows]]>
              </value>
            </param>
            <param index="4">
              <value>
                <![CDATA[10]]>
              </value>
            </param>
            <param index="5">
              <value>
                <![CDATA[localhost]]>
              </value>
            </param>
            <param index="6">
              <value>
                <![CDATA[4444]]>
              </value>
            </param>
          </params>
          <reporter-output>
          </reporter-output>
        </test-method> <!-- beforeClass -->
        <test-method signature="TC_01_Mini_Statement_With_Account_Number_Is_Empty()[pri:0, instance:testcases.com.bankguru.statement.Mini_Statement@5438c17a]" started-at="2023-10-10T10:51:19Z" name="TC_01_Mini_Statement_With_Account_Number_Is_Empty" finished-at="2023-10-10T10:51:19Z" duration-ms="906" status="PASS">
          <reporter-output>
          </reporter-output>
        </test-method> <!-- TC_01_Mini_Statement_With_Account_Number_Is_Empty -->
        <test-method signature="TC_02_Mini_Statement_With_Account_Number_Have_Character()[pri:0, instance:testcases.com.bankguru.statement.Mini_Statement@5438c17a]" started-at="2023-10-10T10:51:19Z" name="TC_02_Mini_Statement_With_Account_Number_Have_Character" finished-at="2023-10-10T10:51:21Z" duration-ms="1123" status="PASS">
          <reporter-output>
          </reporter-output>
        </test-method> <!-- TC_02_Mini_Statement_With_Account_Number_Have_Character -->
        <test-method signature="TC_03_Mini_Statement_With_Account_Number_Have_Special_Character()[pri:0, instance:testcases.com.bankguru.statement.Mini_Statement@5438c17a]" started-at="2023-10-10T10:51:21Z" name="TC_03_Mini_Statement_With_Account_Number_Have_Special_Character" finished-at="2023-10-10T10:51:21Z" duration-ms="872" status="PASS">
          <reporter-output>
          </reporter-output>
        </test-method> <!-- TC_03_Mini_Statement_With_Account_Number_Have_Special_Character -->
        <test-method signature="TC_04_Mini_Statement_With_Account_Number_Have_Special_Space()[pri:0, instance:testcases.com.bankguru.statement.Mini_Statement@5438c17a]" started-at="2023-10-10T10:51:21Z" name="TC_04_Mini_Statement_With_Account_Number_Have_Special_Space" finished-at="2023-10-10T10:51:22Z" duration-ms="889" status="PASS">
          <reporter-output>
          </reporter-output>
        </test-method> <!-- TC_04_Mini_Statement_With_Account_Number_Have_Special_Space -->
        <test-method is-config="true" signature="afterClass()[pri:0, instance:testcases.com.bankguru.statement.Mini_Statement@5438c17a]" started-at="2023-10-10T10:51:22Z" name="afterClass" finished-at="2023-10-10T10:51:24Z" duration-ms="1234" status="PASS">
          <reporter-output>
          </reporter-output>
        </test-method> <!-- afterClass -->
      </class> <!-- testcases.com.bankguru.statement.Mini_Statement -->
      <class name="testcases.com.bankguru.customer.Customer_02_Edit_Customer">
        <test-method is-config="true" signature="beforeClass(java.lang.String, java.lang.String, java.lang.String, java.lang.String, java.lang.String, java.lang.String, java.lang.String)[pri:0, instance:testcases.com.bankguru.customer.Customer_02_Edit_Customer@7bdf61ad]" started-at="2023-10-10T10:47:50Z" name="beforeClass" finished-at="2023-10-10T10:48:12Z" duration-ms="21827" status="PASS">
          <params>
            <param index="0">
              <value>
                <![CDATA[local]]>
              </value>
            </param>
            <param index="1">
              <value>
                <![CDATA[dev]]>
              </value>
            </param>
            <param index="2">
              <value>
                <![CDATA[firefox]]>
              </value>
            </param>
            <param index="3">
              <value>
                <![CDATA[Windows]]>
              </value>
            </param>
            <param index="4">
              <value>
                <![CDATA[10]]>
              </value>
            </param>
            <param index="5">
              <value>
                <![CDATA[localhost]]>
              </value>
            </param>
            <param index="6">
              <value>
                <![CDATA[4444]]>
              </value>
            </param>
          </params>
          <reporter-output>
          </reporter-output>
        </test-method> <!-- beforeClass -->
        <test-method signature="TC_01_Edit_Customer_With_CustomerId_Is_Special_Character()[pri:0, instance:testcases.com.bankguru.customer.Customer_02_Edit_Customer@7bdf61ad]" started-at="2023-10-10T10:48:12Z" name="TC_01_Edit_Customer_With_CustomerId_Is_Special_Character" finished-at="2023-10-10T10:48:13Z" duration-ms="754" status="PASS">
          <reporter-output>
          </reporter-output>
        </test-method> <!-- TC_01_Edit_Customer_With_CustomerId_Is_Special_Character -->
        <test-method signature="TC_02_Edit_Customer_With_CustomerId_Is_Valid()[pri:0, instance:testcases.com.bankguru.customer.Customer_02_Edit_Customer@7bdf61ad]" started-at="2023-10-10T10:48:13Z" name="TC_02_Edit_Customer_With_CustomerId_Is_Valid" finished-at="2023-10-10T10:48:14Z" duration-ms="1422" status="PASS">
          <reporter-output>
          </reporter-output>
        </test-method> <!-- TC_02_Edit_Customer_With_CustomerId_Is_Valid -->
        <test-method signature="TC_03_Edit_Customer_With_EmailAddress_Is_Blank()[pri:0, instance:testcases.com.bankguru.customer.Customer_02_Edit_Customer@7bdf61ad]" started-at="2023-10-10T10:48:14Z" name="TC_03_Edit_Customer_With_EmailAddress_Is_Blank" finished-at="2023-10-10T10:48:16Z" duration-ms="1728" status="PASS">
          <reporter-output>
          </reporter-output>
        </test-method> <!-- TC_03_Edit_Customer_With_EmailAddress_Is_Blank -->
        <test-method signature="TC_04_Edit_Customer_With_City_Is_Blank()[pri:0, instance:testcases.com.bankguru.customer.Customer_02_Edit_Customer@7bdf61ad]" started-at="2023-10-10T10:48:16Z" name="TC_04_Edit_Customer_With_City_Is_Blank" finished-at="2023-10-10T10:48:18Z" duration-ms="1702" status="PASS">
          <reporter-output>
          </reporter-output>
        </test-method> <!-- TC_04_Edit_Customer_With_City_Is_Blank -->
        <test-method signature="TC_05_Edit_Customer_With_City_Have_Number()[pri:0, instance:testcases.com.bankguru.customer.Customer_02_Edit_Customer@7bdf61ad]" started-at="2023-10-10T10:48:18Z" name="TC_05_Edit_Customer_With_City_Have_Number" finished-at="2023-10-10T10:48:20Z" duration-ms="1654" status="PASS">
          <reporter-output>
          </reporter-output>
        </test-method> <!-- TC_05_Edit_Customer_With_City_Have_Number -->
        <test-method signature="TC_06_Edit_Customer_With_State_Is_Blank()[pri:0, instance:testcases.com.bankguru.customer.Customer_02_Edit_Customer@7bdf61ad]" started-at="2023-10-10T10:48:20Z" name="TC_06_Edit_Customer_With_State_Is_Blank" finished-at="2023-10-10T10:48:21Z" duration-ms="1667" status="PASS">
          <reporter-output>
          </reporter-output>
        </test-method> <!-- TC_06_Edit_Customer_With_State_Is_Blank -->
        <test-method signature="TC_07_Edit_Customer_With_State_Have_Special_Character()[pri:0, instance:testcases.com.bankguru.customer.Customer_02_Edit_Customer@7bdf61ad]" started-at="2023-10-10T10:48:21Z" name="TC_07_Edit_Customer_With_State_Have_Special_Character" finished-at="2023-10-10T10:48:23Z" duration-ms="1684" status="PASS">
          <reporter-output>
          </reporter-output>
        </test-method> <!-- TC_07_Edit_Customer_With_State_Have_Special_Character -->
        <test-method signature="TC_08_Edit_Customer_With_PIN_Have_Character()[pri:0, instance:testcases.com.bankguru.customer.Customer_02_Edit_Customer@7bdf61ad]" started-at="2023-10-10T10:48:23Z" name="TC_08_Edit_Customer_With_PIN_Have_Character" finished-at="2023-10-10T10:48:24Z" duration-ms="1635" status="PASS">
          <reporter-output>
          </reporter-output>
        </test-method> <!-- TC_08_Edit_Customer_With_PIN_Have_Character -->
        <test-method signature="TC_09_Edit_Customer_With_PIN_More_Six_Number()[pri:0, instance:testcases.com.bankguru.customer.Customer_02_Edit_Customer@7bdf61ad]" started-at="2023-10-10T10:48:24Z" name="TC_09_Edit_Customer_With_PIN_More_Six_Number" finished-at="2023-10-10T10:48:26Z" duration-ms="1694" status="PASS">
          <reporter-output>
          </reporter-output>
        </test-method> <!-- TC_09_Edit_Customer_With_PIN_More_Six_Number -->
        <test-method signature="TC_10_Edit_Customer_With_Mobile_Number_Have_Character()[pri:0, instance:testcases.com.bankguru.customer.Customer_02_Edit_Customer@7bdf61ad]" started-at="2023-10-10T10:48:26Z" name="TC_10_Edit_Customer_With_Mobile_Number_Have_Character" finished-at="2023-10-10T10:48:28Z" duration-ms="1683" status="PASS">
          <reporter-output>
          </reporter-output>
        </test-method> <!-- TC_10_Edit_Customer_With_Mobile_Number_Have_Character -->
        <test-method signature="TC_11_Edit_Customer_With_Email_Address_Is_Invalid()[pri:0, instance:testcases.com.bankguru.customer.Customer_02_Edit_Customer@7bdf61ad]" started-at="2023-10-10T10:48:28Z" name="TC_11_Edit_Customer_With_Email_Address_Is_Invalid" finished-at="2023-10-10T10:48:30Z" duration-ms="1701" status="PASS">
          <reporter-output>
          </reporter-output>
        </test-method> <!-- TC_11_Edit_Customer_With_Email_Address_Is_Invalid -->
        <test-method is-config="true" signature="afterClass()[pri:0, instance:testcases.com.bankguru.customer.Customer_02_Edit_Customer@7bdf61ad]" started-at="2023-10-10T10:48:30Z" name="afterClass" finished-at="2023-10-10T10:48:31Z" duration-ms="1264" status="PASS">
          <reporter-output>
          </reporter-output>
        </test-method> <!-- afterClass -->
      </class> <!-- testcases.com.bankguru.customer.Customer_02_Edit_Customer -->
      <class name="testcases.com.bankguru.customer.Customer_03_Delete_Customer">
        <test-method is-config="true" signature="beforeClass(java.lang.String, java.lang.String, java.lang.String, java.lang.String, java.lang.String, java.lang.String, java.lang.String)[pri:0, instance:testcases.com.bankguru.customer.Customer_03_Delete_Customer@54336976]" started-at="2023-10-10T10:48:31Z" name="beforeClass" finished-at="2023-10-10T10:48:48Z" duration-ms="17605" status="PASS">
          <params>
            <param index="0">
              <value>
                <![CDATA[local]]>
              </value>
            </param>
            <param index="1">
              <value>
                <![CDATA[dev]]>
              </value>
            </param>
            <param index="2">
              <value>
                <![CDATA[firefox]]>
              </value>
            </param>
            <param index="3">
              <value>
                <![CDATA[Windows]]>
              </value>
            </param>
            <param index="4">
              <value>
                <![CDATA[10]]>
              </value>
            </param>
            <param index="5">
              <value>
                <![CDATA[localhost]]>
              </value>
            </param>
            <param index="6">
              <value>
                <![CDATA[4444]]>
              </value>
            </param>
          </params>
          <reporter-output>
          </reporter-output>
        </test-method> <!-- beforeClass -->
        <test-method signature="TC_01_Delete_Customer_With_CustomerID_Is_Empty()[pri:0, instance:testcases.com.bankguru.customer.Customer_03_Delete_Customer@54336976]" started-at="2023-10-10T10:48:48Z" name="TC_01_Delete_Customer_With_CustomerID_Is_Empty" finished-at="2023-10-10T10:48:49Z" duration-ms="899" status="PASS">
          <reporter-output>
          </reporter-output>
        </test-method> <!-- TC_01_Delete_Customer_With_CustomerID_Is_Empty -->
        <test-method signature="TC_02_Delete_Customer_With_CustomerID_Have_Character()[pri:0, instance:testcases.com.bankguru.customer.Customer_03_Delete_Customer@54336976]" started-at="2023-10-10T10:48:49Z" name="TC_02_Delete_Customer_With_CustomerID_Have_Character" finished-at="2023-10-10T10:48:50Z" duration-ms="889" status="PASS">
          <reporter-output>
          </reporter-output>
        </test-method> <!-- TC_02_Delete_Customer_With_CustomerID_Have_Character -->
        <test-method signature="TC_03_Delete_Customer_With_CustomerID_Have_Special_Character()[pri:0, instance:testcases.com.bankguru.customer.Customer_03_Delete_Customer@54336976]" started-at="2023-10-10T10:48:50Z" name="TC_03_Delete_Customer_With_CustomerID_Have_Special_Character" finished-at="2023-10-10T10:48:51Z" duration-ms="929" status="PASS">
          <reporter-output>
          </reporter-output>
        </test-method> <!-- TC_03_Delete_Customer_With_CustomerID_Have_Special_Character -->
        <test-method signature="TC_05_Delete_Customer_Successful()[pri:0, instance:testcases.com.bankguru.customer.Customer_03_Delete_Customer@54336976]" started-at="2023-10-10T10:48:51Z" name="TC_05_Delete_Customer_Successful" finished-at="2023-10-10T10:48:53Z" duration-ms="1496" status="PASS">
          <reporter-output>
          </reporter-output>
        </test-method> <!-- TC_05_Delete_Customer_Successful -->
        <test-method is-config="true" signature="afterClass()[pri:0, instance:testcases.com.bankguru.customer.Customer_03_Delete_Customer@54336976]" started-at="2023-10-10T10:48:53Z" name="afterClass" finished-at="2023-10-10T10:48:55Z" duration-ms="2695" status="PASS">
          <reporter-output>
          </reporter-output>
        </test-method> <!-- afterClass -->
      </class> <!-- testcases.com.bankguru.customer.Customer_03_Delete_Customer -->
      <class name="testcases.com.bankguru.statement.Customised_Statement">
        <test-method is-config="true" signature="beforeClass(java.lang.String, java.lang.String, java.lang.String, java.lang.String, java.lang.String, java.lang.String, java.lang.String)[pri:0, instance:testcases.com.bankguru.statement.Customised_Statement@7499eac7]" started-at="2023-10-10T10:50:19Z" name="beforeClass" finished-at="2023-10-10T10:50:44Z" duration-ms="24599" status="PASS">
          <params>
            <param index="0">
              <value>
                <![CDATA[local]]>
              </value>
            </param>
            <param index="1">
              <value>
                <![CDATA[dev]]>
              </value>
            </param>
            <param index="2">
              <value>
                <![CDATA[firefox]]>
              </value>
            </param>
            <param index="3">
              <value>
                <![CDATA[Windows]]>
              </value>
            </param>
            <param index="4">
              <value>
                <![CDATA[10]]>
              </value>
            </param>
            <param index="5">
              <value>
                <![CDATA[localhost]]>
              </value>
            </param>
            <param index="6">
              <value>
                <![CDATA[4444]]>
              </value>
            </param>
          </params>
          <reporter-output>
          </reporter-output>
        </test-method> <!-- beforeClass -->
        <test-method signature="TC_01_Customised_Statement_With_Account_Number_Is_Empty()[pri:0, instance:testcases.com.bankguru.statement.Customised_Statement@7499eac7]" started-at="2023-10-10T10:50:44Z" name="TC_01_Customised_Statement_With_Account_Number_Is_Empty" finished-at="2023-10-10T10:50:45Z" duration-ms="957" status="PASS">
          <reporter-output>
          </reporter-output>
        </test-method> <!-- TC_01_Customised_Statement_With_Account_Number_Is_Empty -->
        <test-method signature="TC_02_Customised_Statement_With_Account_Number_Have_Character()[pri:0, instance:testcases.com.bankguru.statement.Customised_Statement@7499eac7]" started-at="2023-10-10T10:50:45Z" name="TC_02_Customised_Statement_With_Account_Number_Have_Character" finished-at="2023-10-10T10:50:46Z" duration-ms="934" status="PASS">
          <reporter-output>
          </reporter-output>
        </test-method> <!-- TC_02_Customised_Statement_With_Account_Number_Have_Character -->
        <test-method signature="TC_03_Customised_Statement_With_Account_Number_Have_Special_Character()[pri:0, instance:testcases.com.bankguru.statement.Customised_Statement@7499eac7]" started-at="2023-10-10T10:50:46Z" name="TC_03_Customised_Statement_With_Account_Number_Have_Special_Character" finished-at="2023-10-10T10:50:47Z" duration-ms="935" status="PASS">
          <reporter-output>
          </reporter-output>
        </test-method> <!-- TC_03_Customised_Statement_With_Account_Number_Have_Special_Character -->
        <test-method signature="TC_04_Customised_Statement_With_Account_Number_Have_Character_Space()[pri:0, instance:testcases.com.bankguru.statement.Customised_Statement@7499eac7]" started-at="2023-10-10T10:50:47Z" name="TC_04_Customised_Statement_With_Account_Number_Have_Character_Space" finished-at="2023-10-10T10:50:47Z" duration-ms="944" status="PASS">
          <reporter-output>
          </reporter-output>
        </test-method> <!-- TC_04_Customised_Statement_With_Account_Number_Have_Character_Space -->
        <test-method signature="TC_05_Customised_Statement_With_Minimum_Transaction_Value_Have_Character()[pri:0, instance:testcases.com.bankguru.statement.Customised_Statement@7499eac7]" started-at="2023-10-10T10:50:47Z" name="TC_05_Customised_Statement_With_Minimum_Transaction_Value_Have_Character" finished-at="2023-10-10T10:50:48Z" duration-ms="949" status="PASS">
          <reporter-output>
          </reporter-output>
        </test-method> <!-- TC_05_Customised_Statement_With_Minimum_Transaction_Value_Have_Character -->
        <test-method signature="TC_06_Customised_Statement_With_Minimum_Transaction_Value_Have_Special_Character()[pri:0, instance:testcases.com.bankguru.statement.Customised_Statement@7499eac7]" started-at="2023-10-10T10:50:48Z" name="TC_06_Customised_Statement_With_Minimum_Transaction_Value_Have_Special_Character" finished-at="2023-10-10T10:50:50Z" duration-ms="1269" status="PASS">
          <reporter-output>
          </reporter-output>
        </test-method> <!-- TC_06_Customised_Statement_With_Minimum_Transaction_Value_Have_Special_Character -->
        <test-method signature="TC_07_Customised_Statement_With_Minimum_Transaction_Value_Have_Character_Space()[pri:0, instance:testcases.com.bankguru.statement.Customised_Statement@7499eac7]" started-at="2023-10-10T10:50:50Z" name="TC_07_Customised_Statement_With_Minimum_Transaction_Value_Have_Character_Space" finished-at="2023-10-10T10:50:51Z" duration-ms="959" status="PASS">
          <reporter-output>
          </reporter-output>
        </test-method> <!-- TC_07_Customised_Statement_With_Minimum_Transaction_Value_Have_Character_Space -->
        <test-method signature="TC_08_Customized_Statement_With_Number_Of_Tracsaction_Have_Character()[pri:0, instance:testcases.com.bankguru.statement.Customised_Statement@7499eac7]" started-at="2023-10-10T10:50:51Z" name="TC_08_Customized_Statement_With_Number_Of_Tracsaction_Have_Character" finished-at="2023-10-10T10:50:52Z" duration-ms="944" status="PASS">
          <reporter-output>
          </reporter-output>
        </test-method> <!-- TC_08_Customized_Statement_With_Number_Of_Tracsaction_Have_Character -->
        <test-method signature="TC_09_Customized_Statement_With_Number_Of_Tracsaction_Have_Special_Character()[pri:0, instance:testcases.com.bankguru.statement.Customised_Statement@7499eac7]" started-at="2023-10-10T10:50:52Z" name="TC_09_Customized_Statement_With_Number_Of_Tracsaction_Have_Special_Character" finished-at="2023-10-10T10:50:53Z" duration-ms="1202" status="PASS">
          <reporter-output>
          </reporter-output>
        </test-method> <!-- TC_09_Customized_Statement_With_Number_Of_Tracsaction_Have_Special_Character -->
        <test-method signature="TC_10_Customized_Statement_With_Number_Of_Tracsaction_Have_Character_Space()[pri:0, instance:testcases.com.bankguru.statement.Customised_Statement@7499eac7]" started-at="2023-10-10T10:50:53Z" name="TC_10_Customized_Statement_With_Number_Of_Tracsaction_Have_Character_Space" finished-at="2023-10-10T10:50:54Z" duration-ms="987" status="PASS">
          <reporter-output>
          </reporter-output>
        </test-method> <!-- TC_10_Customized_Statement_With_Number_Of_Tracsaction_Have_Character_Space -->
        <test-method is-config="true" signature="afterClass()[pri:0, instance:testcases.com.bankguru.statement.Customised_Statement@7499eac7]" started-at="2023-10-10T10:50:54Z" name="afterClass" finished-at="2023-10-10T10:50:55Z" duration-ms="1211" status="PASS">
          <reporter-output>
          </reporter-output>
        </test-method> <!-- afterClass -->
      </class> <!-- testcases.com.bankguru.statement.Customised_Statement -->
      <class name="testcases.com.bankguru.account.Account_01_New_Account">
        <test-method is-config="true" signature="beforeClass(java.lang.String, java.lang.String, java.lang.String, java.lang.String, java.lang.String, java.lang.String, java.lang.String)[pri:0, instance:testcases.com.bankguru.account.Account_01_New_Account@f25f48a]" started-at="2023-10-10T10:48:55Z" name="beforeClass" finished-at="2023-10-10T10:49:16Z" duration-ms="21085" status="PASS">
          <params>
            <param index="0">
              <value>
                <![CDATA[local]]>
              </value>
            </param>
            <param index="1">
              <value>
                <![CDATA[dev]]>
              </value>
            </param>
            <param index="2">
              <value>
                <![CDATA[firefox]]>
              </value>
            </param>
            <param index="3">
              <value>
                <![CDATA[Windows]]>
              </value>
            </param>
            <param index="4">
              <value>
                <![CDATA[10]]>
              </value>
            </param>
            <param index="5">
              <value>
                <![CDATA[localhost]]>
              </value>
            </param>
            <param index="6">
              <value>
                <![CDATA[4444]]>
              </value>
            </param>
          </params>
          <reporter-output>
          </reporter-output>
        </test-method> <!-- beforeClass -->
        <test-method signature="TC_01_New_Account_With_CustomerId_Is_Special_Character()[pri:0, instance:testcases.com.bankguru.account.Account_01_New_Account@f25f48a]" started-at="2023-10-10T10:49:16Z" name="TC_01_New_Account_With_CustomerId_Is_Special_Character" finished-at="2023-10-10T10:49:17Z" duration-ms="649" status="PASS">
          <reporter-output>
          </reporter-output>
        </test-method> <!-- TC_01_New_Account_With_CustomerId_Is_Special_Character -->
        <test-method signature="TC_02_New_Account_With_CustomerId_Have_Special_Character()[pri:0, instance:testcases.com.bankguru.account.Account_01_New_Account@f25f48a]" started-at="2023-10-10T10:49:17Z" name="TC_02_New_Account_With_CustomerId_Have_Special_Character" finished-at="2023-10-10T10:49:18Z" duration-ms="513" status="PASS">
          <reporter-output>
          </reporter-output>
        </test-method> <!-- TC_02_New_Account_With_CustomerId_Have_Special_Character -->
        <test-method signature="TC_03_New_Account_With_CustomerId_Have_Character()[pri:0, instance:testcases.com.bankguru.account.Account_01_New_Account@f25f48a]" started-at="2023-10-10T10:49:18Z" name="TC_03_New_Account_With_CustomerId_Have_Character" finished-at="2023-10-10T10:49:18Z" duration-ms="499" status="PASS">
          <reporter-output>
          </reporter-output>
        </test-method> <!-- TC_03_New_Account_With_CustomerId_Have_Character -->
        <test-method signature="TC_04_New_Account_With_Initial_Deposit_Have_Character()[pri:0, instance:testcases.com.bankguru.account.Account_01_New_Account@f25f48a]" started-at="2023-10-10T10:49:18Z" name="TC_04_New_Account_With_Initial_Deposit_Have_Character" finished-at="2023-10-10T10:49:19Z" duration-ms="544" status="PASS">
          <reporter-output>
          </reporter-output>
        </test-method> <!-- TC_04_New_Account_With_Initial_Deposit_Have_Character -->
        <test-method signature="TC_05_New_Account_With_Initial_Deposit_Have_Special_Character()[pri:0, instance:testcases.com.bankguru.account.Account_01_New_Account@f25f48a]" started-at="2023-10-10T10:49:19Z" name="TC_05_New_Account_With_Initial_Deposit_Have_Special_Character" finished-at="2023-10-10T10:49:19Z" duration-ms="515" status="PASS">
          <reporter-output>
          </reporter-output>
        </test-method> <!-- TC_05_New_Account_With_Initial_Deposit_Have_Special_Character -->
        <test-method is-config="true" signature="afterClass()[pri:0, instance:testcases.com.bankguru.account.Account_01_New_Account@f25f48a]" started-at="2023-10-10T10:49:19Z" name="afterClass" finished-at="2023-10-10T10:49:20Z" duration-ms="1243" status="PASS">
          <reporter-output>
          </reporter-output>
        </test-method> <!-- afterClass -->
      </class> <!-- testcases.com.bankguru.account.Account_01_New_Account -->
    </test> <!-- Run on firefox  -->
    <test started-at="2023-10-10T10:46:57Z" name="Run on chrome " finished-at="2023-10-10T10:52:52Z" duration-ms="355109">
      <class name="testcases.com.bankguru.Change_Password">
        <test-method is-config="true" signature="beforeClass(java.lang.String, java.lang.String, java.lang.String, java.lang.String, java.lang.String, java.lang.String, java.lang.String)[pri:0, instance:testcases.com.bankguru.Change_Password@6ea246af]" started-at="2023-10-10T10:52:27Z" name="beforeClass" finished-at="2023-10-10T10:52:38Z" duration-ms="10971" status="PASS">
          <params>
            <param index="0">
              <value>
                <![CDATA[local]]>
              </value>
            </param>
            <param index="1">
              <value>
                <![CDATA[dev]]>
              </value>
            </param>
            <param index="2">
              <value>
                <![CDATA[chrome]]>
              </value>
            </param>
            <param index="3">
              <value>
                <![CDATA[Windows]]>
              </value>
            </param>
            <param index="4">
              <value>
                <![CDATA[10]]>
              </value>
            </param>
            <param index="5">
              <value>
                <![CDATA[localhost]]>
              </value>
            </param>
            <param index="6">
              <value>
                <![CDATA[4444]]>
              </value>
            </param>
          </params>
          <reporter-output>
          </reporter-output>
        </test-method> <!-- beforeClass -->
        <test-method signature="TC_01_Change_Password_With_Old_Password_Is_Empty()[pri:0, instance:testcases.com.bankguru.Change_Password@6ea246af]" started-at="2023-10-10T10:52:38Z" name="TC_01_Change_Password_With_Old_Password_Is_Empty" finished-at="2023-10-10T10:52:42Z" duration-ms="4104" status="PASS">
          <reporter-output>
          </reporter-output>
        </test-method> <!-- TC_01_Change_Password_With_Old_Password_Is_Empty -->
        <test-method signature="TC_02_Change_Password_With_New_Password_Is_Empty()[pri:0, instance:testcases.com.bankguru.Change_Password@6ea246af]" started-at="2023-10-10T10:52:42Z" name="TC_02_Change_Password_With_New_Password_Is_Empty" finished-at="2023-10-10T10:52:48Z" duration-ms="5234" status="PASS">
          <reporter-output>
          </reporter-output>
        </test-method> <!-- TC_02_Change_Password_With_New_Password_Is_Empty -->
        <test-method signature="TC_03_Change_Password_With_New_Password_Have_Not_Number()[pri:0, instance:testcases.com.bankguru.Change_Password@6ea246af]" started-at="2023-10-10T10:52:48Z" name="TC_03_Change_Password_With_New_Password_Have_Not_Number" finished-at="2023-10-10T10:52:49Z" duration-ms="1267" status="PASS">
          <reporter-output>
          </reporter-output>
        </test-method> <!-- TC_03_Change_Password_With_New_Password_Have_Not_Number -->
        <test-method signature="TC_04_Change_Password_With_New_Password_Have_Not_Special_Character()[pri:0, instance:testcases.com.bankguru.Change_Password@6ea246af]" started-at="2023-10-10T10:52:49Z" name="TC_04_Change_Password_With_New_Password_Have_Not_Special_Character" finished-at="2023-10-10T10:52:50Z" duration-ms="771" status="PASS">
          <reporter-output>
          </reporter-output>
        </test-method> <!-- TC_04_Change_Password_With_New_Password_Have_Not_Special_Character -->
        <test-method signature="TC_05_Change_Password_With_New_Password_Have_Password_Terms()[pri:0, instance:testcases.com.bankguru.Change_Password@6ea246af]" started-at="2023-10-10T10:52:50Z" name="TC_05_Change_Password_With_New_Password_Have_Password_Terms" finished-at="2023-10-10T10:52:51Z" duration-ms="823" status="PASS">
          <reporter-output>
          </reporter-output>
        </test-method> <!-- TC_05_Change_Password_With_New_Password_Have_Password_Terms -->
        <test-method signature="TC_06_Change_Password_With_Confirm_Password_Not_Match_Password()[pri:0, instance:testcases.com.bankguru.Change_Password@6ea246af]" started-at="2023-10-10T10:52:51Z" name="TC_06_Change_Password_With_Confirm_Password_Not_Match_Password" finished-at="2023-10-10T10:52:51Z" duration-ms="742" status="PASS">
          <reporter-output>
          </reporter-output>
        </test-method> <!-- TC_06_Change_Password_With_Confirm_Password_Not_Match_Password -->
        <test-method is-config="true" signature="afterClass()[pri:0, instance:testcases.com.bankguru.Change_Password@6ea246af]" started-at="2023-10-10T10:52:51Z" name="afterClass" finished-at="2023-10-10T10:52:52Z" duration-ms="864" status="PASS">
          <reporter-output>
          </reporter-output>
        </test-method> <!-- afterClass -->
      </class> <!-- testcases.com.bankguru.Change_Password -->
      <class name="testcases.com.bankguru.account.Account_02_Edit_Account">
        <test-method is-config="true" signature="beforeClass(java.lang.String, java.lang.String, java.lang.String, java.lang.String, java.lang.String, java.lang.String, java.lang.String)[pri:0, instance:testcases.com.bankguru.account.Account_02_Edit_Account@553da911]" started-at="2023-10-10T10:49:47Z" name="beforeClass" finished-at="2023-10-10T10:50:02Z" duration-ms="14403" status="PASS">
          <params>
            <param index="0">
              <value>
                <![CDATA[local]]>
              </value>
            </param>
            <param index="1">
              <value>
                <![CDATA[dev]]>
              </value>
            </param>
            <param index="2">
              <value>
                <![CDATA[chrome]]>
              </value>
            </param>
            <param index="3">
              <value>
                <![CDATA[Windows]]>
              </value>
            </param>
            <param index="4">
              <value>
                <![CDATA[10]]>
              </value>
            </param>
            <param index="5">
              <value>
                <![CDATA[localhost]]>
              </value>
            </param>
            <param index="6">
              <value>
                <![CDATA[4444]]>
              </value>
            </param>
          </params>
          <reporter-output>
          </reporter-output>
        </test-method> <!-- beforeClass -->
        <test-method signature="TC_01_Edit_Account_With_Account_Number_Is_Empty()[pri:0, instance:testcases.com.bankguru.account.Account_02_Edit_Account@553da911]" started-at="2023-10-10T10:50:02Z" name="TC_01_Edit_Account_With_Account_Number_Is_Empty" finished-at="2023-10-10T10:50:05Z" duration-ms="3687" status="PASS">
          <reporter-output>
          </reporter-output>
        </test-method> <!-- TC_01_Edit_Account_With_Account_Number_Is_Empty -->
        <test-method signature="TC_02_Edit_Account_With_Account_Number_Have_Character()[pri:0, instance:testcases.com.bankguru.account.Account_02_Edit_Account@553da911]" started-at="2023-10-10T10:50:05Z" name="TC_02_Edit_Account_With_Account_Number_Have_Character" finished-at="2023-10-10T10:50:10Z" duration-ms="5213" status="PASS">
          <reporter-output>
          </reporter-output>
        </test-method> <!-- TC_02_Edit_Account_With_Account_Number_Have_Character -->
        <test-method signature="TC_03_Edit_Account_With_Account_Number_Have_Special_Character()[pri:0, instance:testcases.com.bankguru.account.Account_02_Edit_Account@553da911]" started-at="2023-10-10T10:50:10Z" name="TC_03_Edit_Account_With_Account_Number_Have_Special_Character" finished-at="2023-10-10T10:50:16Z" duration-ms="5235" status="PASS">
          <reporter-output>
          </reporter-output>
        </test-method> <!-- TC_03_Edit_Account_With_Account_Number_Have_Special_Character -->
        <test-method signature="TC_03_Edit_Account_With_Account_Number_Have_Special_Space()[pri:0, instance:testcases.com.bankguru.account.Account_02_Edit_Account@553da911]" started-at="2023-10-10T10:50:16Z" name="TC_03_Edit_Account_With_Account_Number_Have_Special_Space" finished-at="2023-10-10T10:50:21Z" duration-ms="5242" status="PASS">
          <reporter-output>
          </reporter-output>
        </test-method> <!-- TC_03_Edit_Account_With_Account_Number_Have_Special_Space -->
        <test-method is-config="true" signature="afterClass()[pri:0, instance:testcases.com.bankguru.account.Account_02_Edit_Account@553da911]" started-at="2023-10-10T10:50:21Z" name="afterClass" finished-at="2023-10-10T10:50:22Z" duration-ms="793" status="PASS">
          <reporter-output>
          </reporter-output>
        </test-method> <!-- afterClass -->
      </class> <!-- testcases.com.bankguru.account.Account_02_Edit_Account -->
      <class name="testcases.com.bankguru.account.Account_03_Delete_Account">
        <test-method is-config="true" signature="beforeClass(java.lang.String, java.lang.String, java.lang.String, java.lang.String, java.lang.String, java.lang.String, java.lang.String)[pri:0, instance:testcases.com.bankguru.account.Account_03_Delete_Account@327e5be5]" started-at="2023-10-10T10:50:22Z" name="beforeClass" finished-at="2023-10-10T10:50:36Z" duration-ms="14063" status="PASS">
          <params>
            <param index="0">
              <value>
                <![CDATA[local]]>
              </value>
            </param>
            <param index="1">
              <value>
                <![CDATA[dev]]>
              </value>
            </param>
            <param index="2">
              <value>
                <![CDATA[chrome]]>
              </value>
            </param>
            <param index="3">
              <value>
                <![CDATA[Windows]]>
              </value>
            </param>
            <param index="4">
              <value>
                <![CDATA[10]]>
              </value>
            </param>
            <param index="5">
              <value>
                <![CDATA[localhost]]>
              </value>
            </param>
            <param index="6">
              <value>
                <![CDATA[4444]]>
              </value>
            </param>
          </params>
          <reporter-output>
          </reporter-output>
        </test-method> <!-- beforeClass -->
        <test-method signature="TC_01_Delete_Account_With_Account_Number_Is_Empty()[pri:0, instance:testcases.com.bankguru.account.Account_03_Delete_Account@327e5be5]" started-at="2023-10-10T10:50:36Z" name="TC_01_Delete_Account_With_Account_Number_Is_Empty" finished-at="2023-10-10T10:50:40Z" duration-ms="4053" status="PASS">
          <reporter-output>
          </reporter-output>
        </test-method> <!-- TC_01_Delete_Account_With_Account_Number_Is_Empty -->
        <test-method signature="TC_02_Delete_Account_With_Account_Number_Have_Character()[pri:0, instance:testcases.com.bankguru.account.Account_03_Delete_Account@327e5be5]" started-at="2023-10-10T10:50:40Z" name="TC_02_Delete_Account_With_Account_Number_Have_Character" finished-at="2023-10-10T10:50:45Z" duration-ms="5231" status="PASS">
          <reporter-output>
          </reporter-output>
        </test-method> <!-- TC_02_Delete_Account_With_Account_Number_Have_Character -->
        <test-method signature="TC_03_Delete_Account_With_Account_Number_Have_Special_Character()[pri:0, instance:testcases.com.bankguru.account.Account_03_Delete_Account@327e5be5]" started-at="2023-10-10T10:50:45Z" name="TC_03_Delete_Account_With_Account_Number_Have_Special_Character" finished-at="2023-10-10T10:50:50Z" duration-ms="5281" status="PASS">
          <reporter-output>
          </reporter-output>
        </test-method> <!-- TC_03_Delete_Account_With_Account_Number_Have_Special_Character -->
        <test-method signature="TC_03_Delete_Account_With_Account_Number_Have_Special_Space()[pri:0, instance:testcases.com.bankguru.account.Account_03_Delete_Account@327e5be5]" started-at="2023-10-10T10:50:50Z" name="TC_03_Delete_Account_With_Account_Number_Have_Special_Space" finished-at="2023-10-10T10:50:56Z" duration-ms="5246" status="PASS">
          <reporter-output>
          </reporter-output>
        </test-method> <!-- TC_03_Delete_Account_With_Account_Number_Have_Special_Space -->
        <test-method is-config="true" signature="afterClass()[pri:0, instance:testcases.com.bankguru.account.Account_03_Delete_Account@327e5be5]" started-at="2023-10-10T10:50:56Z" name="afterClass" finished-at="2023-10-10T10:50:57Z" duration-ms="903" status="PASS">
          <reporter-output>
          </reporter-output>
        </test-method> <!-- afterClass -->
      </class> <!-- testcases.com.bankguru.account.Account_03_Delete_Account -->
      <class name="testcases.com.bankguru.customer.Customer_01_New_Customer">
        <test-method is-config="true" signature="initBeforeSuite()[pri:0, instance:testcases.com.bankguru.customer.Customer_01_New_Customer@7f287b98]" started-at="2023-10-10T10:46:57Z" name="initBeforeSuite" finished-at="2023-10-10T10:46:57Z" duration-ms="61" status="PASS">
          <reporter-output>
          </reporter-output>
        </test-method> <!-- initBeforeSuite -->
        <test-method is-config="true" signature="beforeClass(java.lang.String, java.lang.String, java.lang.String, java.lang.String, java.lang.String, java.lang.String, java.lang.String)[pri:0, instance:testcases.com.bankguru.customer.Customer_01_New_Customer@7f287b98]" started-at="2023-10-10T10:46:57Z" name="beforeClass" finished-at="2023-10-10T10:47:18Z" duration-ms="20733" status="FAIL">
          <params>
            <param index="0">
              <value>
                <![CDATA[local]]>
              </value>
            </param>
            <param index="1">
              <value>
                <![CDATA[dev]]>
              </value>
            </param>
            <param index="2">
              <value>
                <![CDATA[chrome]]>
              </value>
            </param>
            <param index="3">
              <value>
                <![CDATA[Windows]]>
              </value>
            </param>
            <param index="4">
              <value>
                <![CDATA[10]]>
              </value>
            </param>
            <param index="5">
              <value>
                <![CDATA[localhost]]>
              </value>
            </param>
            <param index="6">
              <value>
                <![CDATA[4444]]>
              </value>
            </param>
          </params>
          <exception class="java.lang.IllegalArgumentException">
            <message>
              <![CDATA[Keys to send should be a not null CharSequence]]>
            </message>
            <full-stacktrace>
              <![CDATA[java.lang.IllegalArgumentException: Keys to send should be a not null CharSequence
at org.openqa.selenium.remote.RemoteWebElement.sendKeys(RemoteWebElement.java:97)
at commons.BasePage.sendkeyToElement(BasePage.java:179)
at pageObjects.LoginPageObject.inputToUserIDTextbox(LoginPageObject.java:23)
at testcases.com.bankguru.customer.Customer_01_New_Customer.beforeClass(Customer_01_New_Customer.java:42)
at java.base/jdk.internal.reflect.NativeMethodAccessorImpl.invoke0(Native Method)
at java.base/jdk.internal.reflect.NativeMethodAccessorImpl.invoke(NativeMethodAccessorImpl.java:62)
at java.base/jdk.internal.reflect.DelegatingMethodAccessorImpl.invoke(DelegatingMethodAccessorImpl.java:43)
at java.base/java.lang.reflect.Method.invoke(Method.java:566)
at org.testng.internal.MethodInvocationHelper.invokeMethod(MethodInvocationHelper.java:124)
at org.testng.internal.MethodInvocationHelper.invokeMethodConsideringTimeout(MethodInvocationHelper.java:59)
at org.testng.internal.Invoker.invokeConfigurationMethod(Invoker.java:458)
at org.testng.internal.Invoker.invokeConfigurations(Invoker.java:222)
at org.testng.internal.Invoker.invokeConfigurations(Invoker.java:142)
at org.testng.internal.TestMethodWorker.invokeBeforeClassMethods(TestMethodWorker.java:168)
at org.testng.internal.TestMethodWorker.run(TestMethodWorker.java:105)
at org.testng.TestRunner.privateRun(TestRunner.java:648)
at org.testng.TestRunner.run(TestRunner.java:505)
at org.testng.SuiteRunner.runTest(SuiteRunner.java:455)
at org.testng.SuiteRunner.access$000(SuiteRunner.java:40)
at org.testng.SuiteRunner$SuiteWorker.run(SuiteRunner.java:489)
at org.testng.internal.thread.ThreadUtil$1.call(ThreadUtil.java:52)
at java.base/java.util.concurrent.FutureTask.run(FutureTask.java:264)
at java.base/java.util.concurrent.ThreadPoolExecutor.runWorker(ThreadPoolExecutor.java:1128)
at java.base/java.util.concurrent.ThreadPoolExecutor$Worker.run(ThreadPoolExecutor.java:628)
at java.base/java.lang.Thread.run(Thread.java:834)
]]>
            </full-stacktrace>
          </exception> <!-- java.lang.IllegalArgumentException -->
          <reporter-output>
          </reporter-output>
        </test-method> <!-- beforeClass -->
        <test-method signature="TC_01_New_Customer_With_Name_Empty()[pri:0, instance:testcases.com.bankguru.customer.Customer_01_New_Customer@7f287b98]" started-at="2023-10-10T10:47:18Z" name="TC_01_New_Customer_With_Name_Empty" finished-at="2023-10-10T10:47:18Z" duration-ms="0" status="SKIP">
          <exception class="java.lang.IllegalArgumentException">
            <message>
              <![CDATA[Keys to send should be a not null CharSequence]]>
            </message>
            <full-stacktrace>
              <![CDATA[java.lang.IllegalArgumentException: Keys to send should be a not null CharSequence
at org.openqa.selenium.remote.RemoteWebElement.sendKeys(RemoteWebElement.java:97)
at commons.BasePage.sendkeyToElement(BasePage.java:179)
at pageObjects.LoginPageObject.inputToUserIDTextbox(LoginPageObject.java:23)
at testcases.com.bankguru.customer.Customer_01_New_Customer.beforeClass(Customer_01_New_Customer.java:42)
at java.base/jdk.internal.reflect.NativeMethodAccessorImpl.invoke0(Native Method)
at java.base/jdk.internal.reflect.NativeMethodAccessorImpl.invoke(NativeMethodAccessorImpl.java:62)
at java.base/jdk.internal.reflect.DelegatingMethodAccessorImpl.invoke(DelegatingMethodAccessorImpl.java:43)
at java.base/java.lang.reflect.Method.invoke(Method.java:566)
at org.testng.internal.MethodInvocationHelper.invokeMethod(MethodInvocationHelper.java:124)
at org.testng.internal.MethodInvocationHelper.invokeMethodConsideringTimeout(MethodInvocationHelper.java:59)
at org.testng.internal.Invoker.invokeConfigurationMethod(Invoker.java:458)
at org.testng.internal.Invoker.invokeConfigurations(Invoker.java:222)
at org.testng.internal.Invoker.invokeConfigurations(Invoker.java:142)
at org.testng.internal.TestMethodWorker.invokeBeforeClassMethods(TestMethodWorker.java:168)
at org.testng.internal.TestMethodWorker.run(TestMethodWorker.java:105)
at org.testng.TestRunner.privateRun(TestRunner.java:648)
at org.testng.TestRunner.run(TestRunner.java:505)
at org.testng.SuiteRunner.runTest(SuiteRunner.java:455)
at org.testng.SuiteRunner.access$000(SuiteRunner.java:40)
at org.testng.SuiteRunner$SuiteWorker.run(SuiteRunner.java:489)
at org.testng.internal.thread.ThreadUtil$1.call(ThreadUtil.java:52)
at java.base/java.util.concurrent.FutureTask.run(FutureTask.java:264)
at java.base/java.util.concurrent.ThreadPoolExecutor.runWorker(ThreadPoolExecutor.java:1128)
at java.base/java.util.concurrent.ThreadPoolExecutor$Worker.run(ThreadPoolExecutor.java:628)
at java.base/java.lang.Thread.run(Thread.java:834)
]]>
            </full-stacktrace>
          </exception> <!-- java.lang.IllegalArgumentException -->
          <reporter-output>
          </reporter-output>
        </test-method> <!-- TC_01_New_Customer_With_Name_Empty -->
        <test-method signature="TC_02_New_Customer_With_Name_Number()[pri:0, instance:testcases.com.bankguru.customer.Customer_01_New_Customer@7f287b98]" started-at="2023-10-10T10:47:18Z" name="TC_02_New_Customer_With_Name_Number" finished-at="2023-10-10T10:47:18Z" duration-ms="0" status="SKIP">
          <exception class="java.lang.IllegalArgumentException">
            <message>
              <![CDATA[Keys to send should be a not null CharSequence]]>
            </message>
            <full-stacktrace>
              <![CDATA[java.lang.IllegalArgumentException: Keys to send should be a not null CharSequence
at org.openqa.selenium.remote.RemoteWebElement.sendKeys(RemoteWebElement.java:97)
at commons.BasePage.sendkeyToElement(BasePage.java:179)
at pageObjects.LoginPageObject.inputToUserIDTextbox(LoginPageObject.java:23)
at testcases.com.bankguru.customer.Customer_01_New_Customer.beforeClass(Customer_01_New_Customer.java:42)
at java.base/jdk.internal.reflect.NativeMethodAccessorImpl.invoke0(Native Method)
at java.base/jdk.internal.reflect.NativeMethodAccessorImpl.invoke(NativeMethodAccessorImpl.java:62)
at java.base/jdk.internal.reflect.DelegatingMethodAccessorImpl.invoke(DelegatingMethodAccessorImpl.java:43)
at java.base/java.lang.reflect.Method.invoke(Method.java:566)
at org.testng.internal.MethodInvocationHelper.invokeMethod(MethodInvocationHelper.java:124)
at org.testng.internal.MethodInvocationHelper.invokeMethodConsideringTimeout(MethodInvocationHelper.java:59)
at org.testng.internal.Invoker.invokeConfigurationMethod(Invoker.java:458)
at org.testng.internal.Invoker.invokeConfigurations(Invoker.java:222)
at org.testng.internal.Invoker.invokeConfigurations(Invoker.java:142)
at org.testng.internal.TestMethodWorker.invokeBeforeClassMethods(TestMethodWorker.java:168)
at org.testng.internal.TestMethodWorker.run(TestMethodWorker.java:105)
at org.testng.TestRunner.privateRun(TestRunner.java:648)
at org.testng.TestRunner.run(TestRunner.java:505)
at org.testng.SuiteRunner.runTest(SuiteRunner.java:455)
at org.testng.SuiteRunner.access$000(SuiteRunner.java:40)
at org.testng.SuiteRunner$SuiteWorker.run(SuiteRunner.java:489)
at org.testng.internal.thread.ThreadUtil$1.call(ThreadUtil.java:52)
at java.base/java.util.concurrent.FutureTask.run(FutureTask.java:264)
at java.base/java.util.concurrent.ThreadPoolExecutor.runWorker(ThreadPoolExecutor.java:1128)
at java.base/java.util.concurrent.ThreadPoolExecutor$Worker.run(ThreadPoolExecutor.java:628)
at java.base/java.lang.Thread.run(Thread.java:834)
]]>
            </full-stacktrace>
          </exception> <!-- java.lang.IllegalArgumentException -->
          <reporter-output>
          </reporter-output>
        </test-method> <!-- TC_02_New_Customer_With_Name_Number -->
        <test-method signature="TC_03_New_Customer_With_Name_Have_Special_Character()[pri:0, instance:testcases.com.bankguru.customer.Customer_01_New_Customer@7f287b98]" started-at="2023-10-10T10:47:18Z" name="TC_03_New_Customer_With_Name_Have_Special_Character" finished-at="2023-10-10T10:47:18Z" duration-ms="0" status="SKIP">
          <exception class="java.lang.IllegalArgumentException">
            <message>
              <![CDATA[Keys to send should be a not null CharSequence]]>
            </message>
            <full-stacktrace>
              <![CDATA[java.lang.IllegalArgumentException: Keys to send should be a not null CharSequence
at org.openqa.selenium.remote.RemoteWebElement.sendKeys(RemoteWebElement.java:97)
at commons.BasePage.sendkeyToElement(BasePage.java:179)
at pageObjects.LoginPageObject.inputToUserIDTextbox(LoginPageObject.java:23)
at testcases.com.bankguru.customer.Customer_01_New_Customer.beforeClass(Customer_01_New_Customer.java:42)
at java.base/jdk.internal.reflect.NativeMethodAccessorImpl.invoke0(Native Method)
at java.base/jdk.internal.reflect.NativeMethodAccessorImpl.invoke(NativeMethodAccessorImpl.java:62)
at java.base/jdk.internal.reflect.DelegatingMethodAccessorImpl.invoke(DelegatingMethodAccessorImpl.java:43)
at java.base/java.lang.reflect.Method.invoke(Method.java:566)
at org.testng.internal.MethodInvocationHelper.invokeMethod(MethodInvocationHelper.java:124)
at org.testng.internal.MethodInvocationHelper.invokeMethodConsideringTimeout(MethodInvocationHelper.java:59)
at org.testng.internal.Invoker.invokeConfigurationMethod(Invoker.java:458)
at org.testng.internal.Invoker.invokeConfigurations(Invoker.java:222)
at org.testng.internal.Invoker.invokeConfigurations(Invoker.java:142)
at org.testng.internal.TestMethodWorker.invokeBeforeClassMethods(TestMethodWorker.java:168)
at org.testng.internal.TestMethodWorker.run(TestMethodWorker.java:105)
at org.testng.TestRunner.privateRun(TestRunner.java:648)
at org.testng.TestRunner.run(TestRunner.java:505)
at org.testng.SuiteRunner.runTest(SuiteRunner.java:455)
at org.testng.SuiteRunner.access$000(SuiteRunner.java:40)
at org.testng.SuiteRunner$SuiteWorker.run(SuiteRunner.java:489)
at org.testng.internal.thread.ThreadUtil$1.call(ThreadUtil.java:52)
at java.base/java.util.concurrent.FutureTask.run(FutureTask.java:264)
at java.base/java.util.concurrent.ThreadPoolExecutor.runWorker(ThreadPoolExecutor.java:1128)
at java.base/java.util.concurrent.ThreadPoolExecutor$Worker.run(ThreadPoolExecutor.java:628)
at java.base/java.lang.Thread.run(Thread.java:834)
]]>
            </full-stacktrace>
          </exception> <!-- java.lang.IllegalArgumentException -->
          <reporter-output>
          </reporter-output>
        </test-method> <!-- TC_03_New_Customer_With_Name_Have_Special_Character -->
        <test-method signature="TC_04_New_Customer_With_Name_Start_As_Blank_Character()[pri:0, instance:testcases.com.bankguru.customer.Customer_01_New_Customer@7f287b98]" started-at="2023-10-10T10:47:18Z" name="TC_04_New_Customer_With_Name_Start_As_Blank_Character" finished-at="2023-10-10T10:47:18Z" duration-ms="0" status="SKIP">
          <exception class="java.lang.IllegalArgumentException">
            <message>
              <![CDATA[Keys to send should be a not null CharSequence]]>
            </message>
            <full-stacktrace>
              <![CDATA[java.lang.IllegalArgumentException: Keys to send should be a not null CharSequence
at org.openqa.selenium.remote.RemoteWebElement.sendKeys(RemoteWebElement.java:97)
at commons.BasePage.sendkeyToElement(BasePage.java:179)
at pageObjects.LoginPageObject.inputToUserIDTextbox(LoginPageObject.java:23)
at testcases.com.bankguru.customer.Customer_01_New_Customer.beforeClass(Customer_01_New_Customer.java:42)
at java.base/jdk.internal.reflect.NativeMethodAccessorImpl.invoke0(Native Method)
at java.base/jdk.internal.reflect.NativeMethodAccessorImpl.invoke(NativeMethodAccessorImpl.java:62)
at java.base/jdk.internal.reflect.DelegatingMethodAccessorImpl.invoke(DelegatingMethodAccessorImpl.java:43)
at java.base/java.lang.reflect.Method.invoke(Method.java:566)
at org.testng.internal.MethodInvocationHelper.invokeMethod(MethodInvocationHelper.java:124)
at org.testng.internal.MethodInvocationHelper.invokeMethodConsideringTimeout(MethodInvocationHelper.java:59)
at org.testng.internal.Invoker.invokeConfigurationMethod(Invoker.java:458)
at org.testng.internal.Invoker.invokeConfigurations(Invoker.java:222)
at org.testng.internal.Invoker.invokeConfigurations(Invoker.java:142)
at org.testng.internal.TestMethodWorker.invokeBeforeClassMethods(TestMethodWorker.java:168)
at org.testng.internal.TestMethodWorker.run(TestMethodWorker.java:105)
at org.testng.TestRunner.privateRun(TestRunner.java:648)
at org.testng.TestRunner.run(TestRunner.java:505)
at org.testng.SuiteRunner.runTest(SuiteRunner.java:455)
at org.testng.SuiteRunner.access$000(SuiteRunner.java:40)
at org.testng.SuiteRunner$SuiteWorker.run(SuiteRunner.java:489)
at org.testng.internal.thread.ThreadUtil$1.call(ThreadUtil.java:52)
at java.base/java.util.concurrent.FutureTask.run(FutureTask.java:264)
at java.base/java.util.concurrent.ThreadPoolExecutor.runWorker(ThreadPoolExecutor.java:1128)
at java.base/java.util.concurrent.ThreadPoolExecutor$Worker.run(ThreadPoolExecutor.java:628)
at java.base/java.lang.Thread.run(Thread.java:834)
]]>
            </full-stacktrace>
          </exception> <!-- java.lang.IllegalArgumentException -->
          <reporter-output>
          </reporter-output>
        </test-method> <!-- TC_04_New_Customer_With_Name_Start_As_Blank_Character -->
        <test-method signature="TC_05_New_Customer_With_Address_Empty()[pri:0, instance:testcases.com.bankguru.customer.Customer_01_New_Customer@7f287b98]" started-at="2023-10-10T10:47:18Z" name="TC_05_New_Customer_With_Address_Empty" finished-at="2023-10-10T10:47:18Z" duration-ms="0" status="SKIP">
          <exception class="java.lang.IllegalArgumentException">
            <message>
              <![CDATA[Keys to send should be a not null CharSequence]]>
            </message>
            <full-stacktrace>
              <![CDATA[java.lang.IllegalArgumentException: Keys to send should be a not null CharSequence
at org.openqa.selenium.remote.RemoteWebElement.sendKeys(RemoteWebElement.java:97)
at commons.BasePage.sendkeyToElement(BasePage.java:179)
at pageObjects.LoginPageObject.inputToUserIDTextbox(LoginPageObject.java:23)
at testcases.com.bankguru.customer.Customer_01_New_Customer.beforeClass(Customer_01_New_Customer.java:42)
at java.base/jdk.internal.reflect.NativeMethodAccessorImpl.invoke0(Native Method)
at java.base/jdk.internal.reflect.NativeMethodAccessorImpl.invoke(NativeMethodAccessorImpl.java:62)
at java.base/jdk.internal.reflect.DelegatingMethodAccessorImpl.invoke(DelegatingMethodAccessorImpl.java:43)
at java.base/java.lang.reflect.Method.invoke(Method.java:566)
at org.testng.internal.MethodInvocationHelper.invokeMethod(MethodInvocationHelper.java:124)
at org.testng.internal.MethodInvocationHelper.invokeMethodConsideringTimeout(MethodInvocationHelper.java:59)
at org.testng.internal.Invoker.invokeConfigurationMethod(Invoker.java:458)
at org.testng.internal.Invoker.invokeConfigurations(Invoker.java:222)
at org.testng.internal.Invoker.invokeConfigurations(Invoker.java:142)
at org.testng.internal.TestMethodWorker.invokeBeforeClassMethods(TestMethodWorker.java:168)
at org.testng.internal.TestMethodWorker.run(TestMethodWorker.java:105)
at org.testng.TestRunner.privateRun(TestRunner.java:648)
at org.testng.TestRunner.run(TestRunner.java:505)
at org.testng.SuiteRunner.runTest(SuiteRunner.java:455)
at org.testng.SuiteRunner.access$000(SuiteRunner.java:40)
at org.testng.SuiteRunner$SuiteWorker.run(SuiteRunner.java:489)
at org.testng.internal.thread.ThreadUtil$1.call(ThreadUtil.java:52)
at java.base/java.util.concurrent.FutureTask.run(FutureTask.java:264)
at java.base/java.util.concurrent.ThreadPoolExecutor.runWorker(ThreadPoolExecutor.java:1128)
at java.base/java.util.concurrent.ThreadPoolExecutor$Worker.run(ThreadPoolExecutor.java:628)
at java.base/java.lang.Thread.run(Thread.java:834)
]]>
            </full-stacktrace>
          </exception> <!-- java.lang.IllegalArgumentException -->
          <reporter-output>
          </reporter-output>
        </test-method> <!-- TC_05_New_Customer_With_Address_Empty -->
        <test-method is-config="true" signature="afterClass()[pri:0, instance:testcases.com.bankguru.customer.Customer_01_New_Customer@7f287b98]" started-at="2023-10-10T10:47:18Z" name="afterClass" finished-at="2023-10-10T10:47:19Z" duration-ms="1148" status="PASS">
          <reporter-output>
          </reporter-output>
        </test-method> <!-- afterClass -->
      </class> <!-- testcases.com.bankguru.customer.Customer_01_New_Customer -->
      <class name="testcases.com.bankguru.statement.Mini_Statement">
        <test-method is-config="true" signature="beforeClass(java.lang.String, java.lang.String, java.lang.String, java.lang.String, java.lang.String, java.lang.String, java.lang.String)[pri:0, instance:testcases.com.bankguru.statement.Mini_Statement@566f1852]" started-at="2023-10-10T10:51:53Z" name="beforeClass" finished-at="2023-10-10T10:52:07Z" duration-ms="14080" status="PASS">
          <params>
            <param index="0">
[...]
          <reporter-output>
          </reporter-output>
        </test-method> <!-- TC_03_Edit_Customer_With_EmailAddress_Is_Blank -->
        <test-method signature="TC_04_Edit_Customer_With_City_Is_Blank()[pri:0, instance:testcases.com.bankguru.customer.Customer_02_Edit_Customer@4684240f]" started-at="2023-10-10T10:47:48Z" name="TC_04_Edit_Customer_With_City_Is_Blank" finished-at="2023-10-10T10:47:56Z" duration-ms="7920" status="PASS">
          <reporter-output>
          </reporter-output>
        </test-method> <!-- TC_04_Edit_Customer_With_City_Is_Blank -->
        <test-method signature="TC_05_Edit_Customer_With_City_Have_Number()[pri:0, instance:testcases.com.bankguru.customer.Customer_02_Edit_Customer@4684240f]" started-at="2023-10-10T10:47:56Z" name="TC_05_Edit_Customer_With_City_Have_Number" finished-at="2023-10-10T10:48:03Z" duration-ms="7409" status="PASS">
          <reporter-output>
          </reporter-output>
        </test-method> <!-- TC_05_Edit_Customer_With_City_Have_Number -->
        <test-method signature="TC_06_Edit_Customer_With_State_Is_Blank()[pri:0, instance:testcases.com.bankguru.customer.Customer_02_Edit_Customer@4684240f]" started-at="2023-10-10T10:48:03Z" name="TC_06_Edit_Customer_With_State_Is_Blank" finished-at="2023-10-10T10:48:10Z" duration-ms="7213" status="PASS">
          <reporter-output>
          </reporter-output>
        </test-method> <!-- TC_06_Edit_Customer_With_State_Is_Blank -->
        <test-method signature="TC_07_Edit_Customer_With_State_Have_Special_Character()[pri:0, instance:testcases.com.bankguru.customer.Customer_02_Edit_Customer@4684240f]" started-at="2023-10-10T10:48:10Z" name="TC_07_Edit_Customer_With_State_Have_Special_Character" finished-at="2023-10-10T10:48:18Z" duration-ms="7461" status="PASS">
          <reporter-output>
          </reporter-output>
        </test-method> <!-- TC_07_Edit_Customer_With_State_Have_Special_Character -->
        <test-method signature="TC_08_Edit_Customer_With_PIN_Have_Character()[pri:0, instance:testcases.com.bankguru.customer.Customer_02_Edit_Customer@4684240f]" started-at="2023-10-10T10:48:18Z" name="TC_08_Edit_Customer_With_PIN_Have_Character" finished-at="2023-10-10T10:48:25Z" duration-ms="7478" status="PASS">
          <reporter-output>
          </reporter-output>
        </test-method> <!-- TC_08_Edit_Customer_With_PIN_Have_Character -->
        <test-method signature="TC_09_Edit_Customer_With_PIN_More_Six_Number()[pri:0, instance:testcases.com.bankguru.customer.Customer_02_Edit_Customer@4684240f]" started-at="2023-10-10T10:48:25Z" name="TC_09_Edit_Customer_With_PIN_More_Six_Number" finished-at="2023-10-10T10:48:33Z" duration-ms="7664" status="PASS">
          <reporter-output>
          </reporter-output>
        </test-method> <!-- TC_09_Edit_Customer_With_PIN_More_Six_Number -->
        <test-method signature="TC_10_Edit_Customer_With_Mobile_Number_Have_Character()[pri:0, instance:testcases.com.bankguru.customer.Customer_02_Edit_Customer@4684240f]" started-at="2023-10-10T10:48:33Z" name="TC_10_Edit_Customer_With_Mobile_Number_Have_Character" finished-at="2023-10-10T10:48:41Z" duration-ms="8501" status="PASS">
          <reporter-output>
          </reporter-output>
        </test-method> <!-- TC_10_Edit_Customer_With_Mobile_Number_Have_Character -->
        <test-method signature="TC_11_Edit_Customer_With_Email_Address_Is_Invalid()[pri:0, instance:testcases.com.bankguru.customer.Customer_02_Edit_Customer@4684240f]" started-at="2023-10-10T10:48:41Z" name="TC_11_Edit_Customer_With_Email_Address_Is_Invalid" finished-at="2023-10-10T10:48:50Z" duration-ms="8813" status="PASS">
          <reporter-output>
          </reporter-output>
        </test-method> <!-- TC_11_Edit_Customer_With_Email_Address_Is_Invalid -->
        <test-method is-config="true" signature="afterClass()[pri:0, instance:testcases.com.bankguru.customer.Customer_02_Edit_Customer@4684240f]" started-at="2023-10-10T10:48:50Z" name="afterClass" finished-at="2023-10-10T10:48:51Z" duration-ms="786" status="PASS">
          <reporter-output>
          </reporter-output>
        </test-method> <!-- afterClass -->
      </class> <!-- testcases.com.bankguru.customer.Customer_02_Edit_Customer -->
      <class name="testcases.com.bankguru.customer.Customer_03_Delete_Customer">
        <test-method is-config="true" signature="beforeClass(java.lang.String, java.lang.String, java.lang.String, java.lang.String, java.lang.String, java.lang.String, java.lang.String)[pri:0, instance:testcases.com.bankguru.customer.Customer_03_Delete_Customer@32120956]" started-at="2023-10-10T10:48:51Z" name="beforeClass" finished-at="2023-10-10T10:49:08Z" duration-ms="16636" status="PASS">
          <params>
            <param index="0">
              <value>
                <![CDATA[local]]>
              </value>
            </param>
            <param index="1">
              <value>
                <![CDATA[dev]]>
              </value>
            </param>
            <param index="2">
              <value>
                <![CDATA[chrome]]>
              </value>
            </param>
            <param index="3">
              <value>
                <![CDATA[Windows]]>
              </value>
            </param>
            <param index="4">
              <value>
                <![CDATA[10]]>
              </value>
            </param>
            <param index="5">
              <value>
                <![CDATA[localhost]]>
              </value>
            </param>
            <param index="6">
              <value>
                <![CDATA[4444]]>
              </value>
            </param>
          </params>
          <reporter-output>
          </reporter-output>
        </test-method> <!-- beforeClass -->
        <test-method signature="TC_01_Delete_Customer_With_CustomerID_Is_Empty()[pri:0, instance:testcases.com.bankguru.customer.Customer_03_Delete_Customer@32120956]" started-at="2023-10-10T10:49:08Z" name="TC_01_Delete_Customer_With_CustomerID_Is_Empty" finished-at="2023-10-10T10:49:14Z" duration-ms="6237" status="PASS">
          <reporter-output>
          </reporter-output>
        </test-method> <!-- TC_01_Delete_Customer_With_CustomerID_Is_Empty -->
        <test-method signature="TC_02_Delete_Customer_With_CustomerID_Have_Character()[pri:0, instance:testcases.com.bankguru.customer.Customer_03_Delete_Customer@32120956]" started-at="2023-10-10T10:49:14Z" name="TC_02_Delete_Customer_With_CustomerID_Have_Character" finished-at="2023-10-10T10:49:19Z" duration-ms="5264" status="PASS">
          <reporter-output>
          </reporter-output>
        </test-method> <!-- TC_02_Delete_Customer_With_CustomerID_Have_Character -->
        <test-method signature="TC_03_Delete_Customer_With_CustomerID_Have_Special_Character()[pri:0, instance:testcases.com.bankguru.customer.Customer_03_Delete_Customer@32120956]" started-at="2023-10-10T10:49:19Z" name="TC_03_Delete_Customer_With_CustomerID_Have_Special_Character" finished-at="2023-10-10T10:49:24Z" duration-ms="5267" status="PASS">
          <reporter-output>
          </reporter-output>
        </test-method> <!-- TC_03_Delete_Customer_With_CustomerID_Have_Special_Character -->
        <test-method signature="TC_05_Delete_Customer_Successful()[pri:0, instance:testcases.com.bankguru.customer.Customer_03_Delete_Customer@32120956]" started-at="2023-10-10T10:49:24Z" name="TC_05_Delete_Customer_Successful" finished-at="2023-10-10T10:49:27Z" duration-ms="2543" status="PASS">
          <reporter-output>
          </reporter-output>
        </test-method> <!-- TC_05_Delete_Customer_Successful -->
        <test-method is-config="true" signature="afterClass()[pri:0, instance:testcases.com.bankguru.customer.Customer_03_Delete_Customer@32120956]" started-at="2023-10-10T10:49:27Z" name="afterClass" finished-at="2023-10-10T10:49:28Z" duration-ms="727" status="PASS">
          <reporter-output>
          </reporter-output>
        </test-method> <!-- afterClass -->
      </class> <!-- testcases.com.bankguru.customer.Customer_03_Delete_Customer -->
      <class name="testcases.com.bankguru.statement.Customised_Statement">
        <test-method is-config="true" signature="beforeClass(java.lang.String, java.lang.String, java.lang.String, java.lang.String, java.lang.String, java.lang.String, java.lang.String)[pri:0, instance:testcases.com.bankguru.statement.Customised_Statement@1084ac45]" started-at="2023-10-10T10:50:57Z" name="beforeClass" finished-at="2023-10-10T10:51:12Z" duration-ms="15673" status="PASS">
          <params>
            <param index="0">
              <value>
                <![CDATA[local]]>
              </value>
            </param>
            <param index="1">
              <value>
                <![CDATA[dev]]>
              </value>
            </param>
            <param index="2">
              <value>
                <![CDATA[chrome]]>
              </value>
            </param>
            <param index="3">
              <value>
                <![CDATA[Windows]]>
              </value>
            </param>
            <param index="4">
              <value>
                <![CDATA[10]]>
              </value>
            </param>
            <param index="5">
              <value>
                <![CDATA[localhost]]>
              </value>
            </param>
            <param index="6">
              <value>
                <![CDATA[4444]]>
              </value>
            </param>
          </params>
          <reporter-output>
          </reporter-output>
        </test-method> <!-- beforeClass -->
        <test-method signature="TC_01_Customised_Statement_With_Account_Number_Is_Empty()[pri:0, instance:testcases.com.bankguru.statement.Customised_Statement@1084ac45]" started-at="2023-10-10T10:51:12Z" name="TC_01_Customised_Statement_With_Account_Number_Is_Empty" finished-at="2023-10-10T10:51:16Z" duration-ms="3967" status="PASS">
          <reporter-output>
          </reporter-output>
        </test-method> <!-- TC_01_Customised_Statement_With_Account_Number_Is_Empty -->
        <test-method signature="TC_02_Customised_Statement_With_Account_Number_Have_Character()[pri:0, instance:testcases.com.bankguru.statement.Customised_Statement@1084ac45]" started-at="2023-10-10T10:51:16Z" name="TC_02_Customised_Statement_With_Account_Number_Have_Character" finished-at="2023-10-10T10:51:21Z" duration-ms="5222" status="PASS">
          <reporter-output>
          </reporter-output>
        </test-method> <!-- TC_02_Customised_Statement_With_Account_Number_Have_Character -->
        <test-method signature="TC_03_Customised_Statement_With_Account_Number_Have_Special_Character()[pri:0, instance:testcases.com.bankguru.statement.Customised_Statement@1084ac45]" started-at="2023-10-10T10:51:21Z" name="TC_03_Customised_Statement_With_Account_Number_Have_Special_Character" finished-at="2023-10-10T10:51:27Z" duration-ms="5349" status="PASS">
          <reporter-output>
          </reporter-output>
        </test-method> <!-- TC_03_Customised_Statement_With_Account_Number_Have_Special_Character -->
        <test-method signature="TC_04_Customised_Statement_With_Account_Number_Have_Character_Space()[pri:0, instance:testcases.com.bankguru.statement.Customised_Statement@1084ac45]" started-at="2023-10-10T10:51:27Z" name="TC_04_Customised_Statement_With_Account_Number_Have_Character_Space" finished-at="2023-10-10T10:51:33Z" duration-ms="5794" status="PASS">
          <reporter-output>
          </reporter-output>
        </test-method> <!-- TC_04_Customised_Statement_With_Account_Number_Have_Character_Space -->
        <test-method signature="TC_05_Customised_Statement_With_Minimum_Transaction_Value_Have_Character()[pri:0, instance:testcases.com.bankguru.statement.Customised_Statement@1084ac45]" started-at="2023-10-10T10:51:33Z" name="TC_05_Customised_Statement_With_Minimum_Transaction_Value_Have_Character" finished-at="2023-10-10T10:51:38Z" duration-ms="5235" status="PASS">
          <reporter-output>
          </reporter-output>
        </test-method> <!-- TC_05_Customised_Statement_With_Minimum_Transaction_Value_Have_Character -->
        <test-method signature="TC_06_Customised_Statement_With_Minimum_Transaction_Value_Have_Special_Character()[pri:0, instance:testcases.com.bankguru.statement.Customised_Statement@1084ac45]" started-at="2023-10-10T10:51:38Z" name="TC_06_Customised_Statement_With_Minimum_Transaction_Value_Have_Special_Character" finished-at="2023-10-10T10:51:43Z" duration-ms="5216" status="PASS">
          <reporter-output>
          </reporter-output>
        </test-method> <!-- TC_06_Customised_Statement_With_Minimum_Transaction_Value_Have_Special_Character -->
        <test-method signature="TC_07_Customised_Statement_With_Minimum_Transaction_Value_Have_Character_Space()[pri:0, instance:testcases.com.bankguru.statement.Customised_Statement@1084ac45]" started-at="2023-10-10T10:51:43Z" name="TC_07_Customised_Statement_With_Minimum_Transaction_Value_Have_Character_Space" finished-at="2023-10-10T10:51:48Z" duration-ms="5078" status="PASS">
          <reporter-output>
          </reporter-output>
        </test-method> <!-- TC_07_Customised_Statement_With_Minimum_Transaction_Value_Have_Character_Space -->
        <test-method signature="TC_08_Customized_Statement_With_Number_Of_Tracsaction_Have_Character()[pri:0, instance:testcases.com.bankguru.statement.Customised_Statement@1084ac45]" started-at="2023-10-10T10:51:48Z" name="TC_08_Customized_Statement_With_Number_Of_Tracsaction_Have_Character" finished-at="2023-10-10T10:51:50Z" duration-ms="1614" status="PASS">
          <reporter-output>
          </reporter-output>
        </test-method> <!-- TC_08_Customized_Statement_With_Number_Of_Tracsaction_Have_Character -->
        <test-method signature="TC_09_Customized_Statement_With_Number_Of_Tracsaction_Have_Special_Character()[pri:0, instance:testcases.com.bankguru.statement.Customised_Statement@1084ac45]" started-at="2023-10-10T10:51:50Z" name="TC_09_Customized_Statement_With_Number_Of_Tracsaction_Have_Special_Character" finished-at="2023-10-10T10:51:51Z" duration-ms="1112" status="PASS">
          <reporter-output>
          </reporter-output>
        </test-method> <!-- TC_09_Customized_Statement_With_Number_Of_Tracsaction_Have_Special_Character -->
        <test-method signature="TC_10_Customized_Statement_With_Number_Of_Tracsaction_Have_Character_Space()[pri:0, instance:testcases.com.bankguru.statement.Customised_Statement@1084ac45]" started-at="2023-10-10T10:51:51Z" name="TC_10_Customized_Statement_With_Number_Of_Tracsaction_Have_Character_Space" finished-at="2023-10-10T10:51:52Z" duration-ms="1104" status="PASS">
          <reporter-output>
          </reporter-output>
        </test-method> <!-- TC_10_Customized_Statement_With_Number_Of_Tracsaction_Have_Character_Space -->
        <test-method is-config="true" signature="afterClass()[pri:0, instance:testcases.com.bankguru.statement.Customised_Statement@1084ac45]" started-at="2023-10-10T10:51:52Z" name="afterClass" finished-at="2023-10-10T10:51:53Z" duration-ms="1002" status="PASS">
          <reporter-output>
          </reporter-output>
        </test-method> <!-- afterClass -->
      </class> <!-- testcases.com.bankguru.statement.Customised_Statement -->
      <class name="testcases.com.bankguru.account.Account_01_New_Account">
        <test-method is-config="true" signature="beforeClass(java.lang.String, java.lang.String, java.lang.String, java.lang.String, java.lang.String, java.lang.String, java.lang.String)[pri:0, instance:testcases.com.bankguru.account.Account_01_New_Account@6975fb1c]" started-at="2023-10-10T10:49:28Z" name="beforeClass" finished-at="2023-10-10T10:49:39Z" duration-ms="11455" status="PASS">
          <params>
            <param index="0">
              <value>
                <![CDATA[local]]>
              </value>
            </param>
            <param index="1">
              <value>
                <![CDATA[dev]]>
              </value>
            </param>
            <param index="2">
              <value>
                <![CDATA[chrome]]>
              </value>
            </param>
            <param index="3">
              <value>
                <![CDATA[Windows]]>
              </value>
            </param>
            <param index="4">
              <value>
                <![CDATA[10]]>
              </value>
            </param>
            <param index="5">
              <value>
                <![CDATA[localhost]]>
              </value>
            </param>
            <param index="6">
              <value>
                <![CDATA[4444]]>
              </value>
            </param>
          </params>
          <reporter-output>
          </reporter-output>
        </test-method> <!-- beforeClass -->
        <test-method signature="TC_01_New_Account_With_CustomerId_Is_Special_Character()[pri:0, instance:testcases.com.bankguru.account.Account_01_New_Account@6975fb1c]" started-at="2023-10-10T10:49:39Z" name="TC_01_New_Account_With_CustomerId_Is_Special_Character" finished-at="2023-10-10T10:49:43Z" duration-ms="4058" status="PASS">
          <reporter-output>
          </reporter-output>
        </test-method> <!-- TC_01_New_Account_With_CustomerId_Is_Special_Character -->
        <test-method signature="TC_02_New_Account_With_CustomerId_Have_Special_Character()[pri:0, instance:testcases.com.bankguru.account.Account_01_New_Account@6975fb1c]" started-at="2023-10-10T10:49:43Z" name="TC_02_New_Account_With_CustomerId_Have_Special_Character" finished-at="2023-10-10T10:49:44Z" duration-ms="1119" status="PASS">
          <reporter-output>
          </reporter-output>
        </test-method> <!-- TC_02_New_Account_With_CustomerId_Have_Special_Character -->
        <test-method signature="TC_03_New_Account_With_CustomerId_Have_Character()[pri:0, instance:testcases.com.bankguru.account.Account_01_New_Account@6975fb1c]" started-at="2023-10-10T10:49:44Z" name="TC_03_New_Account_With_CustomerId_Have_Character" finished-at="2023-10-10T10:49:45Z" duration-ms="717" status="PASS">
          <reporter-output>
          </reporter-output>
        </test-method> <!-- TC_03_New_Account_With_CustomerId_Have_Character -->
        <test-method signature="TC_04_New_Account_With_Initial_Deposit_Have_Character()[pri:0, instance:testcases.com.bankguru.account.Account_01_New_Account@6975fb1c]" started-at="2023-10-10T10:49:45Z" name="TC_04_New_Account_With_Initial_Deposit_Have_Character" finished-at="2023-10-10T10:49:46Z" duration-ms="684" status="PASS">
          <reporter-output>
          </reporter-output>
        </test-method> <!-- TC_04_New_Account_With_Initial_Deposit_Have_Character -->
        <test-method signature="TC_05_New_Account_With_Initial_Deposit_Have_Special_Character()[pri:0, instance:testcases.com.bankguru.account.Account_01_New_Account@6975fb1c]" started-at="2023-10-10T10:49:46Z" name="TC_05_New_Account_With_Initial_Deposit_Have_Special_Character" finished-at="2023-10-10T10:49:46Z" duration-ms="769" status="PASS">
          <reporter-output>
          </reporter-output>
        </test-method> <!-- TC_05_New_Account_With_Initial_Deposit_Have_Special_Character -->
        <test-method is-config="true" signature="afterClass()[pri:0, instance:testcases.com.bankguru.account.Account_01_New_Account@6975fb1c]" started-at="2023-10-10T10:49:46Z" name="afterClass" finished-at="2023-10-10T10:49:47Z" duration-ms="762" status="PASS">
          <reporter-output>
          </reporter-output>
        </test-method> <!-- afterClass -->
      </class> <!-- testcases.com.bankguru.account.Account_01_New_Account -->
    </test> <!-- Run on chrome  -->
  </suite> <!-- BankGuru -->
</testng-results>
