-------------------------------------------------------------------------------
Test set: TestSuite
-------------------------------------------------------------------------------
Tests run: 107, Failures: 1, Errors: 0, Skipped: 5, Time elapsed: 358.056 s <<< FAILURE! - in TestSuite
beforeClass(testcases.com.bankguru.customer.Customer_01_New_Customer)  Time elapsed: 23.749 s  <<< FAILURE!
java.lang.IllegalArgumentException: Keys to send should be a not null CharSequence
	at testcases.com.bankguru.customer.Customer_01_New_Customer.beforeClass(Customer_01_New_Customer.java:42)

